{"D:\\projeler\\vue-sqlite\\src\\components\\Anasayfa.vue": {"path":"D:\\projeler\\vue-sqlite\\src\\components\\Anasayfa.vue","all":false,"statementMap":{"0":{"start":{"line":1,"column":0},"end":{"line":1,"column":10}},"1":{"start":{"line":2,"column":0},"end":{"line":2,"column":25}},"2":{"start":{"line":3,"column":0},"end":{"line":3,"column":46}},"3":{"start":{"line":4,"column":0},"end":{"line":4,"column":16}},"4":{"start":{"line":5,"column":0},"end":{"line":5,"column":84}},"5":{"start":{"line":6,"column":0},"end":{"line":6,"column":27}},"6":{"start":{"line":7,"column":0},"end":{"line":7,"column":23}},"8":{"start":{"line":9,"column":0},"end":{"line":9,"column":39}},"9":{"start":{"line":10,"column":0},"end":{"line":10,"column":91}},"11":{"start":{"line":12,"column":0},"end":{"line":12,"column":18}},"12":{"start":{"line":13,"column":0},"end":{"line":13,"column":12}},"13":{"start":{"line":14,"column":0},"end":{"line":14,"column":36}},"14":{"start":{"line":15,"column":0},"end":{"line":15,"column":29}},"15":{"start":{"line":16,"column":0},"end":{"line":16,"column":12}},"16":{"start":{"line":17,"column":0},"end":{"line":17,"column":21}},"17":{"start":{"line":18,"column":0},"end":{"line":18,"column":26}},"18":{"start":{"line":19,"column":0},"end":{"line":19,"column":12}},"19":{"start":{"line":20,"column":0},"end":{"line":20,"column":44}},"20":{"start":{"line":21,"column":0},"end":{"line":21,"column":14}},"21":{"start":{"line":22,"column":0},"end":{"line":22,"column":41}},"22":{"start":{"line":23,"column":0},"end":{"line":23,"column":78}},"23":{"start":{"line":24,"column":0},"end":{"line":24,"column":28}},"24":{"start":{"line":25,"column":0},"end":{"line":25,"column":89}},"25":{"start":{"line":26,"column":0},"end":{"line":26,"column":95}},"27":{"start":{"line":28,"column":0},"end":{"line":28,"column":22}},"28":{"start":{"line":29,"column":0},"end":{"line":29,"column":15}},"29":{"start":{"line":30,"column":0},"end":{"line":30,"column":12}},"30":{"start":{"line":31,"column":0},"end":{"line":31,"column":10}},"31":{"start":{"line":32,"column":0},"end":{"line":32,"column":25}},"32":{"start":{"line":33,"column":0},"end":{"line":33,"column":30}},"33":{"start":{"line":34,"column":0},"end":{"line":34,"column":28}},"34":{"start":{"line":35,"column":0},"end":{"line":35,"column":23}},"35":{"start":{"line":36,"column":0},"end":{"line":36,"column":20}},"36":{"start":{"line":37,"column":0},"end":{"line":37,"column":6}},"37":{"start":{"line":38,"column":0},"end":{"line":38,"column":10}},"38":{"start":{"line":39,"column":0},"end":{"line":39,"column":13}},"39":{"start":{"line":40,"column":0},"end":{"line":40,"column":24}},"40":{"start":{"line":41,"column":0},"end":{"line":41,"column":21}},"41":{"start":{"line":42,"column":0},"end":{"line":42,"column":20}},"42":{"start":{"line":43,"column":0},"end":{"line":43,"column":19}},"44":{"start":{"line":45,"column":0},"end":{"line":45,"column":58}},"46":{"start":{"line":47,"column":0},"end":{"line":47,"column":15}},"50":{"start":{"line":51,"column":0},"end":{"line":51,"column":34}},"51":{"start":{"line":52,"column":0},"end":{"line":52,"column":47}},"52":{"start":{"line":53,"column":0},"end":{"line":53,"column":39}},"53":{"start":{"line":54,"column":0},"end":{"line":54,"column":69}},"54":{"start":{"line":55,"column":0},"end":{"line":55,"column":63}},"55":{"start":{"line":56,"column":0},"end":{"line":56,"column":37}},"56":{"start":{"line":57,"column":0},"end":{"line":57,"column":36}},"57":{"start":{"line":58,"column":0},"end":{"line":58,"column":59}},"59":{"start":{"line":60,"column":0},"end":{"line":60,"column":41}},"60":{"start":{"line":61,"column":0},"end":{"line":61,"column":27}},"61":{"start":{"line":62,"column":0},"end":{"line":62,"column":28}},"63":{"start":{"line":64,"column":0},"end":{"line":64,"column":73}},"64":{"start":{"line":65,"column":0},"end":{"line":65,"column":84}},"65":{"start":{"line":66,"column":0},"end":{"line":66,"column":92}},"67":{"start":{"line":68,"column":0},"end":{"line":68,"column":40}},"68":{"start":{"line":69,"column":0},"end":{"line":69,"column":25}},"69":{"start":{"line":70,"column":0},"end":{"line":70,"column":15}},"70":{"start":{"line":71,"column":0},"end":{"line":71,"column":5}},"71":{"start":{"line":72,"column":0},"end":{"line":72,"column":24}},"72":{"start":{"line":73,"column":0},"end":{"line":73,"column":1}},"74":{"start":{"line":75,"column":0},"end":{"line":75,"column":39}},"75":{"start":{"line":76,"column":0},"end":{"line":76,"column":21}},"76":{"start":{"line":77,"column":0},"end":{"line":77,"column":13}},"77":{"start":{"line":78,"column":0},"end":{"line":78,"column":5}},"78":{"start":{"line":79,"column":0},"end":{"line":79,"column":1}},"80":{"start":{"line":81,"column":0},"end":{"line":81,"column":30}},"81":{"start":{"line":82,"column":0},"end":{"line":82,"column":7}},"82":{"start":{"line":83,"column":0},"end":{"line":83,"column":59}},"83":{"start":{"line":84,"column":0},"end":{"line":84,"column":17}},"84":{"start":{"line":85,"column":0},"end":{"line":85,"column":71}},"85":{"start":{"line":86,"column":0},"end":{"line":86,"column":15}},"86":{"start":{"line":87,"column":0},"end":{"line":87,"column":46}},"88":{"start":{"line":89,"column":0},"end":{"line":89,"column":42}},"89":{"start":{"line":90,"column":0},"end":{"line":90,"column":5}},"90":{"start":{"line":91,"column":0},"end":{"line":91,"column":20}},"91":{"start":{"line":92,"column":0},"end":{"line":92,"column":27}},"92":{"start":{"line":93,"column":0},"end":{"line":93,"column":3}},"93":{"start":{"line":94,"column":0},"end":{"line":94,"column":1}}},"s":{"0":0,"1":1,"2":1,"3":1,"4":1,"5":1,"6":1,"8":1,"9":1,"11":1,"12":1,"13":1,"14":1,"15":1,"16":1,"17":1,"18":1,"19":1,"20":1,"21":1,"22":1,"23":1,"24":1,"25":1,"27":1,"28":1,"29":1,"30":1,"31":1,"32":1,"33":1,"34":1,"35":1,"36":1,"37":1,"38":1,"39":1,"40":1,"41":1,"42":1,"44":1,"46":1,"50":1,"51":1,"52":1,"53":1,"54":1,"55":1,"56":1,"57":1,"59":1,"60":1,"61":1,"63":1,"64":1,"65":1,"67":1,"68":1,"69":1,"70":1,"71":1,"72":1,"74":1,"75":1,"76":1,"77":1,"78":1,"80":1,"81":3,"82":3,"83":2,"84":2,"85":2,"86":2,"88":1,"89":2,"90":3,"91":1,"92":1,"93":3},"branchMap":{"0":{"type":"branch","line":64,"loc":{"start":{"line":64,"column":26},"end":{"line":64,"column":72}},"locations":[{"start":{"line":64,"column":26},"end":{"line":64,"column":72}}]},"1":{"type":"branch","line":65,"loc":{"start":{"line":65,"column":32},"end":{"line":65,"column":83}},"locations":[{"start":{"line":65,"column":32},"end":{"line":65,"column":83}}]},"2":{"type":"branch","line":66,"loc":{"start":{"line":66,"column":22},"end":{"line":66,"column":90}},"locations":[{"start":{"line":66,"column":22},"end":{"line":66,"column":90}}]},"3":{"type":"branch","line":66,"loc":{"start":{"line":66,"column":80},"end":{"line":66,"column":89}},"locations":[{"start":{"line":66,"column":80},"end":{"line":66,"column":89}}]},"4":{"type":"branch","line":68,"loc":{"start":{"line":68,"column":16},"end":{"line":73,"column":1}},"locations":[{"start":{"line":68,"column":16},"end":{"line":73,"column":1}}]},"5":{"type":"branch","line":75,"loc":{"start":{"line":75,"column":15},"end":{"line":79,"column":1}},"locations":[{"start":{"line":75,"column":15},"end":{"line":79,"column":1}}]},"6":{"type":"branch","line":81,"loc":{"start":{"line":81,"column":17},"end":{"line":94,"column":1}},"locations":[{"start":{"line":81,"column":17},"end":{"line":94,"column":1}}]},"7":{"type":"branch","line":83,"loc":{"start":{"line":83,"column":57},"end":{"line":90,"column":5}},"locations":[{"start":{"line":83,"column":57},"end":{"line":90,"column":5}}]},"8":{"type":"branch","line":87,"loc":{"start":{"line":87,"column":8},"end":{"line":89,"column":42}},"locations":[{"start":{"line":87,"column":8},"end":{"line":89,"column":42}}]},"9":{"type":"branch","line":91,"loc":{"start":{"line":91,"column":2},"end":{"line":93,"column":3}},"locations":[{"start":{"line":91,"column":2},"end":{"line":93,"column":3}}]},"10":{"type":"branch","line":40,"loc":{"start":{"line":40,"column":15},"end":{"line":40,"column":24}},"locations":[{"start":{"line":40,"column":15},"end":{"line":40,"column":24}}]},"11":{"type":"branch","line":1,"loc":{"start":{"line":1,"column":0},"end":{"line":1,"column":10}},"locations":[{"start":{"line":1,"column":0},"end":{"line":1,"column":10}}]},"12":{"type":"branch","line":10,"loc":{"start":{"line":10,"column":59},"end":{"line":10,"column":91}},"locations":[{"start":{"line":10,"column":59},"end":{"line":10,"column":91}}]},"13":{"type":"branch","line":10,"loc":{"start":{"line":10,"column":82},"end":{"line":10,"column":91}},"locations":[{"start":{"line":10,"column":82},"end":{"line":10,"column":91}}]},"14":{"type":"branch","line":15,"loc":{"start":{"line":15,"column":6},"end":{"line":15,"column":29}},"locations":[{"start":{"line":15,"column":6},"end":{"line":15,"column":29}}]},"15":{"type":"branch","line":18,"loc":{"start":{"line":18,"column":6},"end":{"line":18,"column":26}},"locations":[{"start":{"line":18,"column":6},"end":{"line":18,"column":26}}]},"16":{"type":"branch","line":25,"loc":{"start":{"line":25,"column":26},"end":{"line":25,"column":42}},"locations":[{"start":{"line":25,"column":26},"end":{"line":25,"column":42}}]},"17":{"type":"branch","line":25,"loc":{"start":{"line":25,"column":64},"end":{"line":25,"column":89}},"locations":[{"start":{"line":25,"column":64},"end":{"line":25,"column":89}}]},"18":{"type":"branch","line":25,"loc":{"start":{"line":25,"column":80},"end":{"line":25,"column":89}},"locations":[{"start":{"line":25,"column":80},"end":{"line":25,"column":89}}]},"19":{"type":"branch","line":26,"loc":{"start":{"line":26,"column":26},"end":{"line":26,"column":41}},"locations":[{"start":{"line":26,"column":26},"end":{"line":26,"column":41}}]},"20":{"type":"branch","line":26,"loc":{"start":{"line":26,"column":77},"end":{"line":26,"column":95}},"locations":[{"start":{"line":26,"column":77},"end":{"line":26,"column":95}}]},"21":{"type":"branch","line":26,"loc":{"start":{"line":26,"column":86},"end":{"line":26,"column":95}},"locations":[{"start":{"line":26,"column":86},"end":{"line":26,"column":95}}]},"22":{"type":"branch","line":23,"loc":{"start":{"line":23,"column":49},"end":{"line":23,"column":58}},"locations":[{"start":{"line":23,"column":49},"end":{"line":23,"column":58}}]},"23":{"type":"branch","line":45,"loc":{"start":{"line":45,"column":4},"end":{"line":47,"column":15}},"locations":[{"start":{"line":45,"column":4},"end":{"line":47,"column":15}}]},"24":{"type":"branch","line":45,"loc":{"start":{"line":45,"column":25},"end":{"line":45,"column":58}},"locations":[{"start":{"line":45,"column":25},"end":{"line":45,"column":58}}]}},"b":{"0":[7],"1":[7],"2":[7],"3":[0],"4":[1],"5":[1],"6":[3],"7":[2],"8":[1],"9":[1],"10":[7],"11":[0],"12":[14],"13":[7],"14":[7],"15":[7],"16":[1],"17":[14],"18":[7],"19":[1],"20":[14],"21":[7],"22":[14],"23":[1],"24":[1]},"fnMap":{"0":{"name":"kopyala","decl":{"start":{"line":68,"column":16},"end":{"line":73,"column":1}},"loc":{"start":{"line":68,"column":16},"end":{"line":73,"column":1}},"line":68},"1":{"name":"paylas","decl":{"start":{"line":75,"column":15},"end":{"line":79,"column":1}},"loc":{"start":{"line":75,"column":15},"end":{"line":79,"column":1}},"line":75},"2":{"name":"urunTara","decl":{"start":{"line":81,"column":17},"end":{"line":94,"column":1}},"loc":{"start":{"line":81,"column":17},"end":{"line":94,"column":1}},"line":81},"3":{"name":"onClick","decl":{"start":{"line":25,"column":26},"end":{"line":25,"column":42}},"loc":{"start":{"line":25,"column":26},"end":{"line":25,"column":42}},"line":25},"4":{"name":"onClick","decl":{"start":{"line":26,"column":26},"end":{"line":26,"column":41}},"loc":{"start":{"line":26,"column":26},"end":{"line":26,"column":41}},"line":26},"5":{"name":"onUpdate:modelValue._cache.<computed>._cache.<computed>","decl":{"start":{"line":40,"column":15},"end":{"line":40,"column":24}},"loc":{"start":{"line":40,"column":15},"end":{"line":40,"column":24}},"line":40}},"f":{"0":1,"1":1,"2":3,"3":1,"4":1,"5":0}}
,"D:\\projeler\\vue-sqlite\\src\\components\\AnasayfaAyarlari.vue": {"path":"D:\\projeler\\vue-sqlite\\src\\components\\AnasayfaAyarlari.vue","all":false,"statementMap":{"0":{"start":{"line":1,"column":0},"end":{"line":1,"column":10}},"1":{"start":{"line":2,"column":0},"end":{"line":2,"column":10}},"2":{"start":{"line":3,"column":0},"end":{"line":3,"column":22}},"3":{"start":{"line":4,"column":0},"end":{"line":4,"column":32}},"4":{"start":{"line":5,"column":0},"end":{"line":5,"column":23}},"5":{"start":{"line":6,"column":0},"end":{"line":6,"column":17}},"6":{"start":{"line":7,"column":0},"end":{"line":7,"column":108}},"7":{"start":{"line":8,"column":0},"end":{"line":8,"column":18}},"8":{"start":{"line":9,"column":0},"end":{"line":9,"column":17}},"9":{"start":{"line":10,"column":0},"end":{"line":10,"column":17}},"10":{"start":{"line":11,"column":0},"end":{"line":11,"column":34}},"11":{"start":{"line":12,"column":0},"end":{"line":12,"column":37}},"12":{"start":{"line":13,"column":0},"end":{"line":13,"column":33}},"13":{"start":{"line":14,"column":0},"end":{"line":14,"column":22}},"14":{"start":{"line":15,"column":0},"end":{"line":15,"column":22}},"15":{"start":{"line":16,"column":0},"end":{"line":16,"column":8}},"16":{"start":{"line":17,"column":0},"end":{"line":17,"column":18}},"17":{"start":{"line":18,"column":0},"end":{"line":18,"column":17}},"18":{"start":{"line":19,"column":0},"end":{"line":19,"column":37}},"19":{"start":{"line":20,"column":0},"end":{"line":20,"column":26}},"20":{"start":{"line":21,"column":0},"end":{"line":21,"column":59}},"21":{"start":{"line":22,"column":0},"end":{"line":22,"column":27}},"22":{"start":{"line":23,"column":0},"end":{"line":23,"column":21}},"23":{"start":{"line":24,"column":0},"end":{"line":24,"column":23}},"24":{"start":{"line":25,"column":0},"end":{"line":25,"column":37}},"25":{"start":{"line":26,"column":0},"end":{"line":26,"column":35}},"26":{"start":{"line":27,"column":0},"end":{"line":27,"column":56}},"27":{"start":{"line":28,"column":0},"end":{"line":28,"column":26}},"28":{"start":{"line":29,"column":0},"end":{"line":29,"column":26}},"29":{"start":{"line":30,"column":0},"end":{"line":30,"column":26}},"31":{"start":{"line":32,"column":0},"end":{"line":32,"column":36}},"32":{"start":{"line":33,"column":0},"end":{"line":33,"column":96}},"34":{"start":{"line":35,"column":0},"end":{"line":35,"column":25}},"35":{"start":{"line":36,"column":0},"end":{"line":36,"column":22}},"36":{"start":{"line":37,"column":0},"end":{"line":37,"column":20}},"37":{"start":{"line":38,"column":0},"end":{"line":38,"column":71}},"38":{"start":{"line":39,"column":0},"end":{"line":39,"column":32}},"39":{"start":{"line":40,"column":0},"end":{"line":40,"column":22}},"40":{"start":{"line":41,"column":0},"end":{"line":41,"column":33}},"41":{"start":{"line":42,"column":0},"end":{"line":42,"column":28}},"42":{"start":{"line":43,"column":0},"end":{"line":43,"column":105}},"44":{"start":{"line":45,"column":0},"end":{"line":45,"column":22}},"45":{"start":{"line":46,"column":0},"end":{"line":46,"column":15}},"46":{"start":{"line":47,"column":0},"end":{"line":47,"column":18}},"47":{"start":{"line":48,"column":0},"end":{"line":48,"column":11}},"51":{"start":{"line":52,"column":0},"end":{"line":52,"column":59}},"52":{"start":{"line":53,"column":0},"end":{"line":53,"column":34}},"54":{"start":{"line":55,"column":0},"end":{"line":55,"column":41}},"56":{"start":{"line":57,"column":0},"end":{"line":57,"column":28}},"57":{"start":{"line":58,"column":0},"end":{"line":58,"column":60}},"58":{"start":{"line":59,"column":0},"end":{"line":59,"column":66}},"59":{"start":{"line":60,"column":0},"end":{"line":60,"column":3}},"61":{"start":{"line":62,"column":0},"end":{"line":62,"column":33}},"62":{"start":{"line":63,"column":0},"end":{"line":63,"column":65}},"63":{"start":{"line":64,"column":0},"end":{"line":64,"column":71}},"64":{"start":{"line":65,"column":0},"end":{"line":65,"column":3}},"66":{"start":{"line":67,"column":0},"end":{"line":67,"column":101}},"67":{"start":{"line":68,"column":0},"end":{"line":68,"column":30}},"68":{"start":{"line":69,"column":0},"end":{"line":69,"column":29}},"70":{"start":{"line":71,"column":0},"end":{"line":71,"column":33}},"71":{"start":{"line":72,"column":0},"end":{"line":72,"column":7}},"72":{"start":{"line":73,"column":0},"end":{"line":73,"column":37}},"73":{"start":{"line":74,"column":0},"end":{"line":74,"column":29}},"74":{"start":{"line":75,"column":0},"end":{"line":75,"column":40}},"75":{"start":{"line":76,"column":0},"end":{"line":76,"column":37}},"76":{"start":{"line":77,"column":0},"end":{"line":77,"column":77}},"77":{"start":{"line":78,"column":0},"end":{"line":78,"column":31}},"78":{"start":{"line":79,"column":0},"end":{"line":79,"column":5}},"79":{"start":{"line":80,"column":0},"end":{"line":80,"column":13}},"80":{"start":{"line":81,"column":0},"end":{"line":81,"column":28}},"81":{"start":{"line":82,"column":0},"end":{"line":82,"column":3}},"82":{"start":{"line":83,"column":0},"end":{"line":83,"column":2}},"84":{"start":{"line":85,"column":0},"end":{"line":85,"column":49}},"85":{"start":{"line":86,"column":0},"end":{"line":86,"column":7}},"86":{"start":{"line":87,"column":0},"end":{"line":87,"column":27}},"87":{"start":{"line":88,"column":0},"end":{"line":88,"column":38}},"88":{"start":{"line":89,"column":0},"end":{"line":89,"column":26}},"89":{"start":{"line":90,"column":0},"end":{"line":90,"column":75}},"90":{"start":{"line":91,"column":0},"end":{"line":91,"column":13}},"91":{"start":{"line":92,"column":0},"end":{"line":92,"column":28}},"92":{"start":{"line":93,"column":0},"end":{"line":93,"column":3}},"93":{"start":{"line":94,"column":0},"end":{"line":94,"column":2}}},"s":{"0":1,"1":1,"2":1,"3":1,"4":1,"5":1,"6":1,"7":1,"8":1,"9":1,"10":1,"11":1,"12":1,"13":1,"14":1,"15":1,"16":1,"17":1,"18":1,"19":1,"20":1,"21":1,"22":1,"23":1,"24":1,"25":1,"26":1,"27":1,"28":1,"29":1,"31":1,"32":1,"34":1,"35":1,"36":1,"37":1,"38":1,"39":1,"40":1,"41":1,"42":1,"44":1,"45":1,"46":1,"47":1,"51":1,"52":1,"54":1,"56":1,"57":1,"58":1,"59":1,"61":1,"62":1,"63":1,"64":1,"66":1,"67":1,"68":1,"70":1,"71":1,"72":1,"73":1,"74":1,"75":1,"76":1,"77":1,"78":1,"79":1,"80":1,"81":1,"82":1,"84":1,"85":1,"86":1,"87":1,"88":1,"89":1,"90":1,"91":1,"92":1,"93":1},"branchMap":{"0":{"type":"branch","line":58,"loc":{"start":{"line":58,"column":7},"end":{"line":58,"column":60}},"locations":[{"start":{"line":58,"column":7},"end":{"line":58,"column":60}}]},"1":{"type":"branch","line":58,"loc":{"start":{"line":58,"column":52},"end":{"line":58,"column":60}},"locations":[{"start":{"line":58,"column":52},"end":{"line":58,"column":60}}]},"2":{"type":"branch","line":59,"loc":{"start":{"line":59,"column":7},"end":{"line":59,"column":66}},"locations":[{"start":{"line":59,"column":7},"end":{"line":59,"column":66}}]},"3":{"type":"branch","line":63,"loc":{"start":{"line":63,"column":7},"end":{"line":63,"column":65}},"locations":[{"start":{"line":63,"column":7},"end":{"line":63,"column":65}}]},"4":{"type":"branch","line":63,"loc":{"start":{"line":63,"column":57},"end":{"line":63,"column":65}},"locations":[{"start":{"line":63,"column":57},"end":{"line":63,"column":65}}]},"5":{"type":"branch","line":64,"loc":{"start":{"line":64,"column":7},"end":{"line":64,"column":71}},"locations":[{"start":{"line":64,"column":7},"end":{"line":64,"column":71}}]},"6":{"type":"branch","line":67,"loc":{"start":{"line":67,"column":29},"end":{"line":67,"column":99}},"locations":[{"start":{"line":67,"column":29},"end":{"line":67,"column":99}}]},"7":{"type":"branch","line":71,"loc":{"start":{"line":71,"column":20},"end":{"line":83,"column":2}},"locations":[{"start":{"line":71,"column":20},"end":{"line":83,"column":2}}]},"8":{"type":"branch","line":85,"loc":{"start":{"line":85,"column":23},"end":{"line":94,"column":2}},"locations":[{"start":{"line":85,"column":23},"end":{"line":94,"column":2}}]},"9":{"type":"branch","line":7,"loc":{"start":{"line":7,"column":29},"end":{"line":7,"column":40}},"locations":[{"start":{"line":7,"column":29},"end":{"line":7,"column":40}}]},"10":{"type":"branch","line":11,"loc":{"start":{"line":11,"column":19},"end":{"line":11,"column":34}},"locations":[{"start":{"line":11,"column":19},"end":{"line":11,"column":34}}]},"11":{"type":"branch","line":25,"loc":{"start":{"line":25,"column":23},"end":{"line":25,"column":37}},"locations":[{"start":{"line":25,"column":23},"end":{"line":25,"column":37}}]},"12":{"type":"branch","line":25,"loc":{"start":{"line":25,"column":23},"end":{"line":25,"column":37}},"locations":[{"start":{"line":25,"column":23},"end":{"line":25,"column":37}}]},"13":{"type":"branch","line":43,"loc":{"start":{"line":43,"column":25},"end":{"line":43,"column":51}},"locations":[{"start":{"line":43,"column":25},"end":{"line":43,"column":51}}]}},"b":{"0":[8],"1":[1],"2":[1],"3":[8],"4":[1],"5":[1],"6":[8],"7":[1],"8":[1],"9":[1],"10":[1],"11":[8],"12":[1],"13":[1]},"fnMap":{"0":{"name":"get","decl":{"start":{"line":58,"column":7},"end":{"line":58,"column":60}},"loc":{"start":{"line":58,"column":7},"end":{"line":58,"column":60}},"line":58},"1":{"name":"set","decl":{"start":{"line":59,"column":7},"end":{"line":59,"column":66}},"loc":{"start":{"line":59,"column":7},"end":{"line":59,"column":66}},"line":59},"2":{"name":"get","decl":{"start":{"line":63,"column":7},"end":{"line":63,"column":65}},"loc":{"start":{"line":63,"column":7},"end":{"line":63,"column":65}},"line":63},"3":{"name":"set","decl":{"start":{"line":64,"column":7},"end":{"line":64,"column":71}},"loc":{"start":{"line":64,"column":7},"end":{"line":64,"column":71}},"line":64},"4":{"name":"addListItem","decl":{"start":{"line":71,"column":20},"end":{"line":83,"column":2}},"loc":{"start":{"line":71,"column":20},"end":{"line":83,"column":2}},"line":71},"5":{"name":"removeListItem","decl":{"start":{"line":85,"column":23},"end":{"line":94,"column":2}},"loc":{"start":{"line":85,"column":23},"end":{"line":94,"column":2}},"line":85},"6":{"name":"onUpdate:modelValue._cache.<computed>._cache.<computed>","decl":{"start":{"line":7,"column":29},"end":{"line":7,"column":40}},"loc":{"start":{"line":7,"column":29},"end":{"line":7,"column":40}},"line":7},"7":{"name":"onUpdate:modelValue._cache.<computed>._cache.<computed>","decl":{"start":{"line":11,"column":19},"end":{"line":11,"column":34}},"loc":{"start":{"line":11,"column":19},"end":{"line":11,"column":34}},"line":11},"8":{"name":"onUpdate:modelValue._cache.<computed>._cache.<computed>","decl":{"start":{"line":25,"column":23},"end":{"line":25,"column":37}},"loc":{"start":{"line":25,"column":23},"end":{"line":25,"column":37}},"line":25},"9":{"name":"onClick","decl":{"start":{"line":43,"column":25},"end":{"line":43,"column":51}},"loc":{"start":{"line":43,"column":25},"end":{"line":43,"column":51}},"line":43}},"f":{"0":8,"1":1,"2":8,"3":1,"4":1,"5":1,"6":1,"7":1,"8":1,"9":1}}
,"D:\\projeler\\vue-sqlite\\src\\components\\Ayarlar.vue": {"path":"D:\\projeler\\vue-sqlite\\src\\components\\Ayarlar.vue","all":false,"statementMap":{"0":{"start":{"line":1,"column":0},"end":{"line":1,"column":10}},"1":{"start":{"line":2,"column":0},"end":{"line":2,"column":25}},"2":{"start":{"line":3,"column":0},"end":{"line":3,"column":34}},"3":{"start":{"line":4,"column":0},"end":{"line":4,"column":22}},"4":{"start":{"line":5,"column":0},"end":{"line":5,"column":12}},"5":{"start":{"line":6,"column":0},"end":{"line":6,"column":21}},"6":{"start":{"line":7,"column":0},"end":{"line":7,"column":14}},"7":{"start":{"line":8,"column":0},"end":{"line":8,"column":26}},"8":{"start":{"line":9,"column":0},"end":{"line":9,"column":20}},"9":{"start":{"line":10,"column":0},"end":{"line":10,"column":28}},"10":{"start":{"line":11,"column":0},"end":{"line":11,"column":20}},"11":{"start":{"line":12,"column":0},"end":{"line":12,"column":24}},"12":{"start":{"line":13,"column":0},"end":{"line":13,"column":15}},"13":{"start":{"line":14,"column":0},"end":{"line":14,"column":12}},"14":{"start":{"line":15,"column":0},"end":{"line":15,"column":10}},"18":{"start":{"line":19,"column":0},"end":{"line":19,"column":50}},"19":{"start":{"line":20,"column":0},"end":{"line":20,"column":54}},"20":{"start":{"line":21,"column":0},"end":{"line":21,"column":46}}},"s":{"0":1,"1":1,"2":1,"3":1,"4":1,"5":1,"6":1,"7":1,"8":1,"9":1,"10":1,"11":1,"12":1,"13":1,"14":1,"18":1,"19":1,"20":1},"branchMap":{"0":{"type":"branch","line":4,"loc":{"start":{"line":4,"column":6},"end":{"line":4,"column":22}},"locations":[{"start":{"line":4,"column":6},"end":{"line":4,"column":22}}]}},"b":{"0":[1]},"fnMap":{},"f":{}}
,"D:\\projeler\\vue-sqlite\\src\\components\\BarkodOnizle.vue": {"path":"D:\\projeler\\vue-sqlite\\src\\components\\BarkodOnizle.vue","all":false,"statementMap":{"0":{"start":{"line":1,"column":0},"end":{"line":1,"column":10}},"1":{"start":{"line":2,"column":0},"end":{"line":2,"column":52}},"2":{"start":{"line":3,"column":0},"end":{"line":3,"column":35}},"3":{"start":{"line":4,"column":0},"end":{"line":4,"column":49}},"5":{"start":{"line":6,"column":0},"end":{"line":6,"column":12}},"6":{"start":{"line":7,"column":0},"end":{"line":7,"column":29}},"7":{"start":{"line":8,"column":0},"end":{"line":8,"column":66}},"8":{"start":{"line":9,"column":0},"end":{"line":9,"column":55}},"9":{"start":{"line":10,"column":0},"end":{"line":10,"column":16}},"10":{"start":{"line":11,"column":0},"end":{"line":11,"column":53}},"11":{"start":{"line":12,"column":0},"end":{"line":12,"column":43}},"12":{"start":{"line":13,"column":0},"end":{"line":13,"column":16}},"13":{"start":{"line":14,"column":0},"end":{"line":14,"column":38}},"14":{"start":{"line":15,"column":0},"end":{"line":15,"column":24}},"15":{"start":{"line":16,"column":0},"end":{"line":16,"column":40}},"16":{"start":{"line":17,"column":0},"end":{"line":17,"column":34}},"17":{"start":{"line":18,"column":0},"end":{"line":18,"column":26}},"18":{"start":{"line":19,"column":0},"end":{"line":19,"column":26}},"19":{"start":{"line":20,"column":0},"end":{"line":20,"column":20}},"21":{"start":{"line":22,"column":0},"end":{"line":22,"column":50}},"22":{"start":{"line":23,"column":0},"end":{"line":23,"column":52}},"23":{"start":{"line":24,"column":0},"end":{"line":24,"column":26}},"24":{"start":{"line":25,"column":0},"end":{"line":25,"column":16}},"25":{"start":{"line":26,"column":0},"end":{"line":26,"column":38}},"26":{"start":{"line":27,"column":0},"end":{"line":27,"column":21}},"27":{"start":{"line":28,"column":0},"end":{"line":28,"column":46}},"28":{"start":{"line":29,"column":0},"end":{"line":29,"column":34}},"29":{"start":{"line":30,"column":0},"end":{"line":30,"column":35}},"30":{"start":{"line":31,"column":0},"end":{"line":31,"column":26}},"31":{"start":{"line":32,"column":0},"end":{"line":32,"column":26}},"32":{"start":{"line":33,"column":0},"end":{"line":33,"column":12}},"33":{"start":{"line":34,"column":0},"end":{"line":34,"column":16}},"34":{"start":{"line":35,"column":0},"end":{"line":35,"column":38}},"35":{"start":{"line":36,"column":0},"end":{"line":36,"column":96}},"36":{"start":{"line":37,"column":0},"end":{"line":37,"column":16}},"37":{"start":{"line":38,"column":0},"end":{"line":38,"column":25}},"38":{"start":{"line":39,"column":0},"end":{"line":39,"column":16}},"39":{"start":{"line":40,"column":0},"end":{"line":40,"column":41}},"40":{"start":{"line":41,"column":0},"end":{"line":41,"column":35}},"41":{"start":{"line":42,"column":0},"end":{"line":42,"column":29}},"42":{"start":{"line":43,"column":0},"end":{"line":43,"column":19}},"44":{"start":{"line":45,"column":0},"end":{"line":45,"column":51}},"45":{"start":{"line":46,"column":0},"end":{"line":46,"column":18}},"46":{"start":{"line":47,"column":0},"end":{"line":47,"column":16}},"47":{"start":{"line":48,"column":0},"end":{"line":48,"column":25}},"48":{"start":{"line":49,"column":0},"end":{"line":49,"column":16}},"49":{"start":{"line":50,"column":0},"end":{"line":50,"column":50}},"50":{"start":{"line":51,"column":0},"end":{"line":51,"column":35}},"51":{"start":{"line":52,"column":0},"end":{"line":52,"column":29}},"52":{"start":{"line":53,"column":0},"end":{"line":53,"column":19}},"53":{"start":{"line":54,"column":0},"end":{"line":54,"column":11}},"55":{"start":{"line":56,"column":0},"end":{"line":56,"column":18}},"56":{"start":{"line":57,"column":0},"end":{"line":57,"column":16}},"57":{"start":{"line":58,"column":0},"end":{"line":58,"column":14}},"58":{"start":{"line":59,"column":0},"end":{"line":59,"column":13}},"59":{"start":{"line":60,"column":0},"end":{"line":60,"column":13}},"63":{"start":{"line":64,"column":0},"end":{"line":64,"column":65}},"64":{"start":{"line":65,"column":0},"end":{"line":65,"column":44}},"65":{"start":{"line":66,"column":0},"end":{"line":66,"column":59}},"67":{"start":{"line":68,"column":0},"end":{"line":68,"column":27}},"71":{"start":{"line":72,"column":0},"end":{"line":72,"column":41}},"72":{"start":{"line":73,"column":0},"end":{"line":73,"column":29}},"73":{"start":{"line":74,"column":0},"end":{"line":74,"column":10}},"74":{"start":{"line":75,"column":0},"end":{"line":75,"column":18}},"75":{"start":{"line":76,"column":0},"end":{"line":76,"column":19}},"76":{"start":{"line":77,"column":0},"end":{"line":77,"column":3}},"77":{"start":{"line":78,"column":0},"end":{"line":78,"column":60}},"79":{"start":{"line":80,"column":0},"end":{"line":80,"column":44}},"81":{"start":{"line":82,"column":0},"end":{"line":82,"column":10}},"82":{"start":{"line":83,"column":0},"end":{"line":83,"column":17}},"83":{"start":{"line":84,"column":0},"end":{"line":84,"column":1}},"85":{"start":{"line":86,"column":0},"end":{"line":86,"column":32}},"87":{"start":{"line":88,"column":0},"end":{"line":88,"column":27}},"88":{"start":{"line":89,"column":0},"end":{"line":89,"column":61}},"89":{"start":{"line":90,"column":0},"end":{"line":90,"column":61}},"90":{"start":{"line":91,"column":0},"end":{"line":91,"column":4}},"91":{"start":{"line":92,"column":0},"end":{"line":92,"column":111}},"92":{"start":{"line":93,"column":0},"end":{"line":93,"column":132}},"93":{"start":{"line":94,"column":0},"end":{"line":94,"column":60}},"95":{"start":{"line":96,"column":0},"end":{"line":96,"column":19}},"96":{"start":{"line":97,"column":0},"end":{"line":97,"column":61}},"97":{"start":{"line":98,"column":0},"end":{"line":98,"column":18}},"98":{"start":{"line":99,"column":0},"end":{"line":99,"column":29}},"99":{"start":{"line":100,"column":0},"end":{"line":100,"column":41}},"100":{"start":{"line":101,"column":0},"end":{"line":101,"column":3}},"101":{"start":{"line":102,"column":0},"end":{"line":102,"column":65}},"102":{"start":{"line":103,"column":0},"end":{"line":103,"column":23}},"103":{"start":{"line":104,"column":0},"end":{"line":104,"column":152}},"104":{"start":{"line":105,"column":0},"end":{"line":105,"column":3}},"105":{"start":{"line":106,"column":0},"end":{"line":106,"column":1}},"107":{"start":{"line":108,"column":0},"end":{"line":108,"column":32}},"108":{"start":{"line":109,"column":0},"end":{"line":109,"column":29}},"109":{"start":{"line":110,"column":0},"end":{"line":110,"column":64}},"110":{"start":{"line":111,"column":0},"end":{"line":111,"column":1}},"112":{"start":{"line":113,"column":0},"end":{"line":113,"column":41}},"113":{"start":{"line":114,"column":0},"end":{"line":114,"column":29}},"114":{"start":{"line":115,"column":0},"end":{"line":115,"column":58}},"115":{"start":{"line":116,"column":0},"end":{"line":116,"column":1}}},"s":{"0":1,"1":1,"2":1,"3":1,"5":1,"6":1,"7":1,"8":1,"9":1,"10":1,"11":1,"12":1,"13":1,"14":1,"15":1,"16":1,"17":1,"18":1,"19":1,"21":1,"22":1,"23":1,"24":1,"25":1,"26":1,"27":1,"28":1,"29":1,"30":1,"31":1,"32":1,"33":1,"34":1,"35":1,"36":1,"37":1,"38":1,"39":1,"40":1,"41":1,"42":1,"44":1,"45":5,"46":1,"47":1,"48":1,"49":1,"50":1,"51":1,"52":1,"53":1,"55":5,"56":1,"57":1,"58":1,"59":1,"63":1,"64":1,"65":1,"67":1,"71":1,"72":1,"73":1,"74":1,"75":1,"76":1,"77":1,"79":1,"81":5,"82":5,"83":5,"85":1,"87":7,"88":7,"89":7,"90":7,"91":7,"92":7,"93":7,"95":7,"96":7,"97":7,"98":7,"99":7,"100":7,"101":7,"102":7,"103":7,"104":7,"105":7,"107":1,"108":1,"109":1,"110":1,"112":1,"113":1,"114":1,"115":1},"branchMap":{"0":{"type":"branch","line":80,"loc":{"start":{"line":80,"column":26},"end":{"line":84,"column":1}},"locations":[{"start":{"line":80,"column":26},"end":{"line":84,"column":1}}]},"1":{"type":"branch","line":86,"loc":{"start":{"line":86,"column":19},"end":{"line":106,"column":1}},"locations":[{"start":{"line":86,"column":19},"end":{"line":106,"column":1}}]},"2":{"type":"branch","line":92,"loc":{"start":{"line":92,"column":24},"end":{"line":92,"column":105}},"locations":[{"start":{"line":92,"column":24},"end":{"line":92,"column":105}}]},"3":{"type":"branch","line":92,"loc":{"start":{"line":92,"column":57},"end":{"line":92,"column":92}},"locations":[{"start":{"line":92,"column":57},"end":{"line":92,"column":92}}]},"4":{"type":"branch","line":92,"loc":{"start":{"line":92,"column":92},"end":{"line":92,"column":111}},"locations":[{"start":{"line":92,"column":92},"end":{"line":92,"column":111}}]},"5":{"type":"branch","line":108,"loc":{"start":{"line":108,"column":25},"end":{"line":111,"column":1}},"locations":[{"start":{"line":108,"column":25},"end":{"line":111,"column":1}}]},"6":{"type":"branch","line":113,"loc":{"start":{"line":113,"column":34},"end":{"line":116,"column":1}},"locations":[{"start":{"line":113,"column":34},"end":{"line":116,"column":1}}]},"7":{"type":"branch","line":4,"loc":{"start":{"line":4,"column":29},"end":{"line":4,"column":49}},"locations":[{"start":{"line":4,"column":29},"end":{"line":4,"column":49}}]},"8":{"type":"branch","line":4,"loc":{"start":{"line":4,"column":40},"end":{"line":4,"column":49}},"locations":[{"start":{"line":4,"column":40},"end":{"line":4,"column":49}}]},"9":{"type":"branch","line":12,"loc":{"start":{"line":12,"column":10},"end":{"line":12,"column":43}},"locations":[{"start":{"line":12,"column":10},"end":{"line":12,"column":43}}]},"10":{"type":"branch","line":16,"loc":{"start":{"line":16,"column":34},"end":{"line":16,"column":40}},"locations":[{"start":{"line":16,"column":34},"end":{"line":16,"column":40}}]},"11":{"type":"branch","line":16,"loc":{"start":{"line":16,"column":34},"end":{"line":16,"column":40}},"locations":[{"start":{"line":16,"column":34},"end":{"line":16,"column":40}}]},"12":{"type":"branch","line":28,"loc":{"start":{"line":28,"column":34},"end":{"line":28,"column":46}},"locations":[{"start":{"line":28,"column":34},"end":{"line":28,"column":46}}]},"13":{"type":"branch","line":28,"loc":{"start":{"line":28,"column":34},"end":{"line":28,"column":46}},"locations":[{"start":{"line":28,"column":34},"end":{"line":28,"column":46}}]},"14":{"type":"branch","line":45,"loc":{"start":{"line":45,"column":12},"end":{"line":46,"column":18}},"locations":[{"start":{"line":45,"column":12},"end":{"line":46,"column":18}}]},"15":{"type":"branch","line":55,"loc":{"start":{"line":55,"column":-2},"end":{"line":56,"column":18}},"locations":[{"start":{"line":55,"column":-2},"end":{"line":56,"column":18}}]}},"b":{"0":[5],"1":[7],"2":[6],"3":[0],"4":[1],"5":[1],"6":[1],"7":[14],"8":[9],"9":[5],"10":[5],"11":[1],"12":[5],"13":[1],"14":[5],"15":[1]},"fnMap":{"0":{"name":"dialogDurumChange","decl":{"start":{"line":80,"column":26},"end":{"line":84,"column":1}},"loc":{"start":{"line":80,"column":26},"end":{"line":84,"column":1}},"line":80},"1":{"name":"onizleInit","decl":{"start":{"line":86,"column":19},"end":{"line":106,"column":1}},"loc":{"start":{"line":86,"column":19},"end":{"line":106,"column":1}},"line":86},"2":{"name":"cokluBarkodIndir","decl":{"start":{"line":108,"column":25},"end":{"line":111,"column":1}},"loc":{"start":{"line":108,"column":25},"end":{"line":111,"column":1}},"line":108},"3":{"name":"sayfayaSigacakBarkodIndir","decl":{"start":{"line":113,"column":34},"end":{"line":116,"column":1}},"loc":{"start":{"line":113,"column":34},"end":{"line":116,"column":1}},"line":113},"4":{"name":"onUpdate:modelValue._cache.<computed>._cache.<computed>","decl":{"start":{"line":16,"column":34},"end":{"line":16,"column":40}},"loc":{"start":{"line":16,"column":34},"end":{"line":16,"column":40}},"line":16},"5":{"name":"onUpdate:modelValue._cache.<computed>._cache.<computed>","decl":{"start":{"line":28,"column":34},"end":{"line":28,"column":46}},"loc":{"start":{"line":28,"column":34},"end":{"line":28,"column":46}},"line":28},"6":{"name":"onUpdate:modelValue._cache.<computed>._cache.<computed>","decl":{"start":{"line":36,"column":46},"end":{"line":36,"column":53}},"loc":{"start":{"line":36,"column":46},"end":{"line":36,"column":53}},"line":36}},"f":{"0":5,"1":7,"2":1,"3":1,"4":1,"5":1,"6":0}}
,"D:\\projeler\\vue-sqlite\\src\\components\\Envanter.vue": {"path":"D:\\projeler\\vue-sqlite\\src\\components\\Envanter.vue","all":false,"statementMap":{"0":{"start":{"line":1,"column":0},"end":{"line":1,"column":10}},"1":{"start":{"line":2,"column":0},"end":{"line":2,"column":25}},"2":{"start":{"line":3,"column":0},"end":{"line":3,"column":34}},"3":{"start":{"line":4,"column":0},"end":{"line":4,"column":32}},"4":{"start":{"line":5,"column":0},"end":{"line":5,"column":12}},"5":{"start":{"line":6,"column":0},"end":{"line":6,"column":21}},"6":{"start":{"line":7,"column":0},"end":{"line":7,"column":14}},"7":{"start":{"line":8,"column":0},"end":{"line":8,"column":55}},"8":{"start":{"line":9,"column":0},"end":{"line":9,"column":85}},"9":{"start":{"line":10,"column":0},"end":{"line":10,"column":77}},"10":{"start":{"line":11,"column":0},"end":{"line":11,"column":17}},"11":{"start":{"line":12,"column":0},"end":{"line":12,"column":37}},"12":{"start":{"line":13,"column":0},"end":{"line":13,"column":47}},"13":{"start":{"line":14,"column":0},"end":{"line":14,"column":25}},"14":{"start":{"line":15,"column":0},"end":{"line":15,"column":46}},"15":{"start":{"line":16,"column":0},"end":{"line":16,"column":42}},"16":{"start":{"line":17,"column":0},"end":{"line":17,"column":38}},"17":{"start":{"line":18,"column":0},"end":{"line":18,"column":32}},"18":{"start":{"line":19,"column":0},"end":{"line":19,"column":35}},"20":{"start":{"line":21,"column":0},"end":{"line":21,"column":29}},"21":{"start":{"line":22,"column":0},"end":{"line":22,"column":29}},"22":{"start":{"line":23,"column":0},"end":{"line":23,"column":36}},"23":{"start":{"line":24,"column":0},"end":{"line":24,"column":52}},"24":{"start":{"line":25,"column":0},"end":{"line":25,"column":41}},"25":{"start":{"line":26,"column":0},"end":{"line":26,"column":37}},"26":{"start":{"line":27,"column":0},"end":{"line":27,"column":32}},"27":{"start":{"line":28,"column":0},"end":{"line":28,"column":31}},"28":{"start":{"line":29,"column":0},"end":{"line":29,"column":32}},"29":{"start":{"line":30,"column":0},"end":{"line":30,"column":31}},"30":{"start":{"line":31,"column":0},"end":{"line":31,"column":29}},"31":{"start":{"line":32,"column":0},"end":{"line":32,"column":24}},"32":{"start":{"line":33,"column":0},"end":{"line":33,"column":18}},"33":{"start":{"line":34,"column":0},"end":{"line":34,"column":22}},"34":{"start":{"line":35,"column":0},"end":{"line":35,"column":62}},"35":{"start":{"line":36,"column":0},"end":{"line":36,"column":57}},"36":{"start":{"line":37,"column":0},"end":{"line":37,"column":46}},"37":{"start":{"line":38,"column":0},"end":{"line":38,"column":32}},"38":{"start":{"line":39,"column":0},"end":{"line":39,"column":32}},"39":{"start":{"line":40,"column":0},"end":{"line":40,"column":25}},"40":{"start":{"line":41,"column":0},"end":{"line":41,"column":17}},"42":{"start":{"line":43,"column":0},"end":{"line":43,"column":24}},"44":{"start":{"line":45,"column":0},"end":{"line":45,"column":48}},"45":{"start":{"line":46,"column":0},"end":{"line":46,"column":23}},"46":{"start":{"line":47,"column":0},"end":{"line":47,"column":51}},"47":{"start":{"line":48,"column":0},"end":{"line":48,"column":95}},"49":{"start":{"line":50,"column":0},"end":{"line":50,"column":33}},"50":{"start":{"line":51,"column":0},"end":{"line":51,"column":25}},"51":{"start":{"line":52,"column":0},"end":{"line":52,"column":49}},"53":{"start":{"line":54,"column":0},"end":{"line":54,"column":27}},"54":{"start":{"line":55,"column":0},"end":{"line":55,"column":18}},"55":{"start":{"line":56,"column":0},"end":{"line":56,"column":65}},"56":{"start":{"line":57,"column":0},"end":{"line":57,"column":42}},"57":{"start":{"line":58,"column":0},"end":{"line":58,"column":33}},"58":{"start":{"line":59,"column":0},"end":{"line":59,"column":31}},"59":{"start":{"line":60,"column":0},"end":{"line":60,"column":28}},"60":{"start":{"line":61,"column":0},"end":{"line":61,"column":21}},"61":{"start":{"line":62,"column":0},"end":{"line":62,"column":13}},"63":{"start":{"line":64,"column":0},"end":{"line":64,"column":20}},"64":{"start":{"line":65,"column":0},"end":{"line":65,"column":31}},"65":{"start":{"line":66,"column":0},"end":{"line":66,"column":46}},"66":{"start":{"line":67,"column":0},"end":{"line":67,"column":25}},"67":{"start":{"line":68,"column":0},"end":{"line":68,"column":38}},"68":{"start":{"line":69,"column":0},"end":{"line":69,"column":41}},"69":{"start":{"line":70,"column":0},"end":{"line":70,"column":37}},"70":{"start":{"line":71,"column":0},"end":{"line":71,"column":32}},"71":{"start":{"line":72,"column":0},"end":{"line":72,"column":34}},"73":{"start":{"line":74,"column":0},"end":{"line":74,"column":29}},"74":{"start":{"line":75,"column":0},"end":{"line":75,"column":29}},"75":{"start":{"line":76,"column":0},"end":{"line":76,"column":36}},"76":{"start":{"line":77,"column":0},"end":{"line":77,"column":52}},"77":{"start":{"line":78,"column":0},"end":{"line":78,"column":41}},"78":{"start":{"line":79,"column":0},"end":{"line":79,"column":37}},"79":{"start":{"line":80,"column":0},"end":{"line":80,"column":32}},"80":{"start":{"line":81,"column":0},"end":{"line":81,"column":31}},"81":{"start":{"line":82,"column":0},"end":{"line":82,"column":32}},"82":{"start":{"line":83,"column":0},"end":{"line":83,"column":31}},"83":{"start":{"line":84,"column":0},"end":{"line":84,"column":29}},"84":{"start":{"line":85,"column":0},"end":{"line":85,"column":24}},"85":{"start":{"line":86,"column":0},"end":{"line":86,"column":18}},"86":{"start":{"line":87,"column":0},"end":{"line":87,"column":22}},"87":{"start":{"line":88,"column":0},"end":{"line":88,"column":53}},"88":{"start":{"line":89,"column":0},"end":{"line":89,"column":45}},"89":{"start":{"line":90,"column":0},"end":{"line":90,"column":43}},"90":{"start":{"line":91,"column":0},"end":{"line":91,"column":32}},"91":{"start":{"line":92,"column":0},"end":{"line":92,"column":32}},"92":{"start":{"line":93,"column":0},"end":{"line":93,"column":25}},"93":{"start":{"line":94,"column":0},"end":{"line":94,"column":17}},"95":{"start":{"line":96,"column":0},"end":{"line":96,"column":24}},"97":{"start":{"line":98,"column":0},"end":{"line":98,"column":49}},"98":{"start":{"line":99,"column":0},"end":{"line":99,"column":50}},"99":{"start":{"line":100,"column":0},"end":{"line":100,"column":51}},"100":{"start":{"line":101,"column":0},"end":{"line":101,"column":54}},"101":{"start":{"line":102,"column":0},"end":{"line":102,"column":24}},"102":{"start":{"line":103,"column":0},"end":{"line":103,"column":51}},"103":{"start":{"line":104,"column":0},"end":{"line":104,"column":23}},"104":{"start":{"line":105,"column":0},"end":{"line":105,"column":59}},"106":{"start":{"line":107,"column":0},"end":{"line":107,"column":50}},"107":{"start":{"line":108,"column":0},"end":{"line":108,"column":43}},"108":{"start":{"line":109,"column":0},"end":{"line":109,"column":49}},"109":{"start":{"line":110,"column":0},"end":{"line":110,"column":101}},"111":{"start":{"line":112,"column":0},"end":{"line":112,"column":37}},"112":{"start":{"line":113,"column":0},"end":{"line":113,"column":46}},"113":{"start":{"line":114,"column":0},"end":{"line":114,"column":35}},"116":{"start":{"line":117,"column":0},"end":{"line":117,"column":36}},"117":{"start":{"line":118,"column":0},"end":{"line":118,"column":38}},"118":{"start":{"line":119,"column":0},"end":{"line":119,"column":35}},"119":{"start":{"line":120,"column":0},"end":{"line":120,"column":73}},"121":{"start":{"line":122,"column":0},"end":{"line":122,"column":32}},"122":{"start":{"line":123,"column":0},"end":{"line":123,"column":72}},"124":{"start":{"line":125,"column":0},"end":{"line":125,"column":32}},"125":{"start":{"line":126,"column":0},"end":{"line":126,"column":39}},"126":{"start":{"line":127,"column":0},"end":{"line":127,"column":29}},"128":{"start":{"line":129,"column":0},"end":{"line":129,"column":27}},"130":{"start":{"line":131,"column":0},"end":{"line":131,"column":27}},"131":{"start":{"line":132,"column":0},"end":{"line":132,"column":31}},"132":{"start":{"line":133,"column":0},"end":{"line":133,"column":24}},"133":{"start":{"line":134,"column":0},"end":{"line":134,"column":15}},"134":{"start":{"line":135,"column":0},"end":{"line":135,"column":12}},"135":{"start":{"line":136,"column":0},"end":{"line":136,"column":10}},"140":{"start":{"line":141,"column":0},"end":{"line":141,"column":35}},"141":{"start":{"line":142,"column":0},"end":{"line":142,"column":73}},"143":{"start":{"line":144,"column":0},"end":{"line":144,"column":47}},"144":{"start":{"line":145,"column":0},"end":{"line":145,"column":36}},"145":{"start":{"line":146,"column":0},"end":{"line":146,"column":43}},"147":{"start":{"line":148,"column":0},"end":{"line":148,"column":27}},"148":{"start":{"line":149,"column":0},"end":{"line":149,"column":25}},"150":{"start":{"line":151,"column":0},"end":{"line":151,"column":52}},"151":{"start":{"line":152,"column":0},"end":{"line":152,"column":26}},"153":{"start":{"line":154,"column":0},"end":{"line":154,"column":29}},"154":{"start":{"line":155,"column":0},"end":{"line":155,"column":45}},"155":{"start":{"line":156,"column":0},"end":{"line":156,"column":68}},"156":{"start":{"line":157,"column":0},"end":{"line":157,"column":3}},"157":{"start":{"line":158,"column":0},"end":{"line":158,"column":48}},"158":{"start":{"line":159,"column":0},"end":{"line":159,"column":23}},"160":{"start":{"line":161,"column":0},"end":{"line":161,"column":28}},"161":{"start":{"line":162,"column":0},"end":{"line":162,"column":50}},"162":{"start":{"line":163,"column":0},"end":{"line":163,"column":40}},"163":{"start":{"line":164,"column":0},"end":{"line":164,"column":72}},"164":{"start":{"line":165,"column":0},"end":{"line":165,"column":85}},"165":{"start":{"line":166,"column":0},"end":{"line":166,"column":3}},"166":{"start":{"line":167,"column":0},"end":{"line":167,"column":43}},"168":{"start":{"line":169,"column":0},"end":{"line":169,"column":25}},"169":{"start":{"line":170,"column":0},"end":{"line":170,"column":16}},"170":{"start":{"line":171,"column":0},"end":{"line":171,"column":8}},"171":{"start":{"line":172,"column":0},"end":{"line":172,"column":20}},"172":{"start":{"line":173,"column":0},"end":{"line":173,"column":18}},"173":{"start":{"line":174,"column":0},"end":{"line":174,"column":19}},"174":{"start":{"line":175,"column":0},"end":{"line":175,"column":17}},"175":{"start":{"line":176,"column":0},"end":{"line":176,"column":10}},"176":{"start":{"line":177,"column":0},"end":{"line":177,"column":5}},"177":{"start":{"line":178,"column":0},"end":{"line":178,"column":1}},"179":{"start":{"line":180,"column":0},"end":{"line":180,"column":17}},"180":{"start":{"line":181,"column":0},"end":{"line":181,"column":35}},"181":{"start":{"line":182,"column":0},"end":{"line":182,"column":26}},"182":{"start":{"line":183,"column":0},"end":{"line":183,"column":9}},"183":{"start":{"line":184,"column":0},"end":{"line":184,"column":3}},"185":{"start":{"line":186,"column":0},"end":{"line":186,"column":26}},"186":{"start":{"line":187,"column":0},"end":{"line":187,"column":7}},"187":{"start":{"line":188,"column":0},"end":{"line":188,"column":75}},"188":{"start":{"line":189,"column":0},"end":{"line":189,"column":73}},"189":{"start":{"line":190,"column":0},"end":{"line":190,"column":15}},"190":{"start":{"line":191,"column":0},"end":{"line":191,"column":55}},"191":{"start":{"line":192,"column":0},"end":{"line":192,"column":3}},"192":{"start":{"line":193,"column":0},"end":{"line":193,"column":1}},"194":{"start":{"line":195,"column":0},"end":{"line":195,"column":47}},"195":{"start":{"line":196,"column":0},"end":{"line":196,"column":7}},"196":{"start":{"line":197,"column":0},"end":{"line":197,"column":63}},"197":{"start":{"line":198,"column":0},"end":{"line":198,"column":17}},"198":{"start":{"line":199,"column":0},"end":{"line":199,"column":25}},"199":{"start":{"line":200,"column":0},"end":{"line":200,"column":20}},"200":{"start":{"line":201,"column":0},"end":{"line":201,"column":47}},"201":{"start":{"line":202,"column":0},"end":{"line":202,"column":3}},"202":{"start":{"line":203,"column":0},"end":{"line":203,"column":1}},"205":{"start":{"line":206,"column":0},"end":{"line":206,"column":47}},"206":{"start":{"line":207,"column":0},"end":{"line":207,"column":31}},"207":{"start":{"line":208,"column":0},"end":{"line":208,"column":34}},"208":{"start":{"line":209,"column":0},"end":{"line":209,"column":1}},"211":{"start":{"line":212,"column":0},"end":{"line":212,"column":55}},"212":{"start":{"line":213,"column":0},"end":{"line":213,"column":35}},"213":{"start":{"line":214,"column":0},"end":{"line":214,"column":39}},"214":{"start":{"line":215,"column":0},"end":{"line":215,"column":1}}},"s":{"0":32,"1":32,"2":32,"3":32,"4":32,"5":32,"6":32,"7":32,"8":32,"9":32,"10":32,"11":32,"12":32,"13":32,"14":32,"15":32,"16":32,"17":32,"18":32,"20":32,"21":32,"22":32,"23":32,"24":32,"25":32,"26":32,"27":32,"28":32,"29":32,"30":32,"31":32,"32":32,"33":32,"34":32,"35":32,"36":32,"37":32,"38":32,"39":32,"40":32,"42":32,"44":32,"45":32,"46":32,"47":32,"49":32,"50":32,"51":32,"53":1,"54":1,"55":1,"56":1,"57":1,"58":1,"59":1,"60":1,"61":1,"63":62,"64":1,"65":1,"66":1,"67":1,"68":1,"69":1,"70":1,"71":1,"73":1,"74":1,"75":1,"76":1,"77":1,"78":1,"79":1,"80":1,"81":1,"82":1,"83":1,"84":1,"85":1,"86":1,"87":1,"88":1,"89":1,"90":1,"91":1,"92":1,"93":1,"95":28,"97":1,"98":1,"99":20,"100":20,"101":20,"102":20,"103":60,"104":60,"106":1,"107":1,"108":1,"109":1,"111":1,"112":1,"113":1,"116":1,"117":1,"118":1,"119":1,"121":32,"122":1,"124":32,"125":1,"126":1,"128":1,"130":1,"131":1,"132":1,"133":1,"134":1,"135":1,"140":1,"141":1,"143":1,"144":1,"145":1,"147":1,"148":1,"150":1,"151":1,"153":1,"154":1,"155":1,"156":1,"157":1,"158":1,"160":1,"161":1,"162":1,"163":1,"164":1,"165":1,"166":1,"168":1,"169":0,"170":0,"171":0,"172":0,"173":0,"174":0,"175":0,"176":0,"177":0,"179":1,"180":17,"181":17,"182":17,"183":1,"185":1,"186":18,"187":18,"188":18,"189":18,"190":0,"191":0,"192":18,"194":1,"195":2,"196":2,"197":1,"198":1,"199":1,"200":1,"201":1,"202":2,"205":1,"206":1,"207":1,"208":1,"211":1,"212":1,"213":1,"214":1},"branchMap":{"0":{"type":"branch","line":169,"loc":{"start":{"line":169,"column":24},"end":{"line":178,"column":1}},"locations":[{"start":{"line":169,"column":24},"end":{"line":178,"column":1}}]},"1":{"type":"branch","line":180,"loc":{"start":{"line":180,"column":10},"end":{"line":184,"column":1}},"locations":[{"start":{"line":180,"column":10},"end":{"line":184,"column":1}}]},"2":{"type":"branch","line":182,"loc":{"start":{"line":182,"column":4},"end":{"line":182,"column":26}},"locations":[{"start":{"line":182,"column":4},"end":{"line":182,"column":26}}]},"3":{"type":"branch","line":186,"loc":{"start":{"line":186,"column":13},"end":{"line":193,"column":1}},"locations":[{"start":{"line":186,"column":13},"end":{"line":193,"column":1}}]},"4":{"type":"branch","line":190,"loc":{"start":{"line":190,"column":2},"end":{"line":192,"column":3}},"locations":[{"start":{"line":190,"column":2},"end":{"line":192,"column":3}}]},"5":{"type":"branch","line":195,"loc":{"start":{"line":195,"column":19},"end":{"line":203,"column":1}},"locations":[{"start":{"line":195,"column":19},"end":{"line":203,"column":1}}]},"6":{"type":"branch","line":197,"loc":{"start":{"line":197,"column":61},"end":{"line":202,"column":3}},"locations":[{"start":{"line":197,"column":61},"end":{"line":202,"column":3}}]},"7":{"type":"branch","line":206,"loc":{"start":{"line":206,"column":18},"end":{"line":209,"column":1}},"locations":[{"start":{"line":206,"column":18},"end":{"line":209,"column":1}}]},"8":{"type":"branch","line":212,"loc":{"start":{"line":212,"column":26},"end":{"line":215,"column":1}},"locations":[{"start":{"line":212,"column":26},"end":{"line":215,"column":1}}]},"9":{"type":"branch","line":4,"loc":{"start":{"line":4,"column":6},"end":{"line":4,"column":32}},"locations":[{"start":{"line":4,"column":6},"end":{"line":4,"column":32}}]},"10":{"type":"branch","line":8,"loc":{"start":{"line":8,"column":25},"end":{"line":8,"column":30}},"locations":[{"start":{"line":8,"column":25},"end":{"line":8,"column":30}}]},"11":{"type":"branch","line":12,"loc":{"start":{"line":12,"column":32},"end":{"line":12,"column":37}},"locations":[{"start":{"line":12,"column":32},"end":{"line":12,"column":37}}]},"12":{"type":"branch","line":8,"loc":{"start":{"line":8,"column":25},"end":{"line":8,"column":30}},"locations":[{"start":{"line":8,"column":25},"end":{"line":8,"column":30}}]},"13":{"type":"branch","line":23,"loc":{"start":{"line":23,"column":29},"end":{"line":23,"column":36}},"locations":[{"start":{"line":23,"column":29},"end":{"line":23,"column":36}}]},"14":{"type":"branch","line":23,"loc":{"start":{"line":23,"column":29},"end":{"line":23,"column":36}},"locations":[{"start":{"line":23,"column":29},"end":{"line":23,"column":36}}]},"15":{"type":"branch","line":42,"loc":{"start":{"line":42,"column":-1},"end":{"line":43,"column":24}},"locations":[{"start":{"line":42,"column":-1},"end":{"line":43,"column":24}}]},"16":{"type":"branch","line":43,"loc":{"start":{"line":43,"column":16},"end":{"line":43,"column":24}},"locations":[{"start":{"line":43,"column":16},"end":{"line":43,"column":24}}]},"17":{"type":"branch","line":46,"loc":{"start":{"line":46,"column":16},"end":{"line":52,"column":49}},"locations":[{"start":{"line":46,"column":16},"end":{"line":52,"column":49}}]},"18":{"type":"branch","line":47,"loc":{"start":{"line":47,"column":31},"end":{"line":47,"column":47}},"locations":[{"start":{"line":47,"column":31},"end":{"line":47,"column":47}}]},"19":{"type":"branch","line":1,"loc":{"start":{"line":1,"column":0},"end":{"line":52,"column":49}},"locations":[{"start":{"line":1,"column":0},"end":{"line":52,"column":49}}]},"20":{"type":"branch","line":50,"loc":{"start":{"line":50,"column":18},"end":{"line":50,"column":33}},"locations":[{"start":{"line":50,"column":18},"end":{"line":50,"column":33}}]},"21":{"type":"branch","line":63,"loc":{"start":{"line":63,"column":-1},"end":{"line":64,"column":20}},"locations":[{"start":{"line":63,"column":-1},"end":{"line":64,"column":20}}]},"22":{"type":"branch","line":64,"loc":{"start":{"line":64,"column":12},"end":{"line":64,"column":20}},"locations":[{"start":{"line":64,"column":12},"end":{"line":64,"column":20}}]},"23":{"type":"branch","line":76,"loc":{"start":{"line":76,"column":29},"end":{"line":76,"column":36}},"locations":[{"start":{"line":76,"column":29},"end":{"line":76,"column":36}}]},"24":{"type":"branch","line":76,"loc":{"start":{"line":76,"column":29},"end":{"line":76,"column":36}},"locations":[{"start":{"line":76,"column":29},"end":{"line":76,"column":36}}]},"25":{"type":"branch","line":95,"loc":{"start":{"line":95,"column":-1},"end":{"line":96,"column":24}},"locations":[{"start":{"line":95,"column":-1},"end":{"line":96,"column":24}}]},"26":{"type":"branch","line":96,"loc":{"start":{"line":96,"column":16},"end":{"line":96,"column":24}},"locations":[{"start":{"line":96,"column":16},"end":{"line":96,"column":24}}]},"27":{"type":"branch","line":99,"loc":{"start":{"line":99,"column":16},"end":{"line":105,"column":59}},"locations":[{"start":{"line":99,"column":16},"end":{"line":105,"column":59}}]},"28":{"type":"branch","line":99,"loc":{"start":{"line":99,"column":33},"end":{"line":103,"column":51}},"locations":[{"start":{"line":99,"column":33},"end":{"line":103,"column":51}}]},"29":{"type":"branch","line":101,"loc":{"start":{"line":101,"column":38},"end":{"line":101,"column":54}},"locations":[{"start":{"line":101,"column":38},"end":{"line":101,"column":54}}]},"30":{"type":"branch","line":103,"loc":{"start":{"line":103,"column":41},"end":{"line":105,"column":59}},"locations":[{"start":{"line":103,"column":41},"end":{"line":105,"column":59}}]},"31":{"type":"branch","line":108,"loc":{"start":{"line":108,"column":35},"end":{"line":108,"column":43}},"locations":[{"start":{"line":108,"column":35},"end":{"line":108,"column":43}}]},"32":{"type":"branch","line":108,"loc":{"start":{"line":108,"column":35},"end":{"line":108,"column":43}},"locations":[{"start":{"line":108,"column":35},"end":{"line":108,"column":43}}]},"33":{"type":"branch","line":117,"loc":{"start":{"line":117,"column":22},"end":{"line":117,"column":36}},"locations":[{"start":{"line":117,"column":22},"end":{"line":117,"column":36}}]},"34":{"type":"branch","line":121,"loc":{"start":{"line":121,"column":-1},"end":{"line":122,"column":32}},"locations":[{"start":{"line":121,"column":-1},"end":{"line":122,"column":32}}]},"35":{"type":"branch","line":122,"loc":{"start":{"line":122,"column":24},"end":{"line":122,"column":32}},"locations":[{"start":{"line":122,"column":24},"end":{"line":122,"column":32}}]},"36":{"type":"branch","line":124,"loc":{"start":{"line":124,"column":-1},"end":{"line":125,"column":32}},"locations":[{"start":{"line":124,"column":-1},"end":{"line":125,"column":32}}]},"37":{"type":"branch","line":125,"loc":{"start":{"line":125,"column":24},"end":{"line":125,"column":32}},"locations":[{"start":{"line":125,"column":24},"end":{"line":125,"column":32}}]}},"b":{"0":[0],"1":[17],"2":[1],"3":[18],"4":[0],"5":[2],"6":[1],"7":[1],"8":[1],"9":[17],"10":[17],"11":[17],"12":[9],"13":[17],"14":[1],"15":[1],"16":[17],"17":[64],"18":[32],"19":[32],"20":[32],"21":[1],"22":[17],"23":[10],"24":[1],"25":[1],"26":[10],"27":[80],"28":[20],"29":[0],"30":[60],"31":[10],"32":[3],"33":[3],"34":[1],"35":[3],"36":[1],"37":[3]},"fnMap":{"0":{"name":"load","decl":{"start":{"line":186,"column":13},"end":{"line":193,"column":1}},"loc":{"start":{"line":186,"column":13},"end":{"line":193,"column":1}},"line":186},"1":{"name":"deleteUrun","decl":{"start":{"line":195,"column":19},"end":{"line":203,"column":1}},"loc":{"start":{"line":195,"column":19},"end":{"line":203,"column":1}},"line":195},"2":{"name":"urunDetay","decl":{"start":{"line":206,"column":18},"end":{"line":209,"column":1}},"loc":{"start":{"line":206,"column":18},"end":{"line":209,"column":1}},"line":206},"3":{"name":"envanterUrunDetay","decl":{"start":{"line":212,"column":26},"end":{"line":215,"column":1}},"loc":{"start":{"line":212,"column":26},"end":{"line":215,"column":1}},"line":212},"4":{"name":"onUpdate:modelValue._cache.<computed>._cache.<computed>","decl":{"start":{"line":8,"column":25},"end":{"line":8,"column":30}},"loc":{"start":{"line":8,"column":25},"end":{"line":8,"column":30}},"line":8},"5":{"name":"onUpdate:modelValue._cache.<computed>._cache.<computed>","decl":{"start":{"line":12,"column":32},"end":{"line":12,"column":37}},"loc":{"start":{"line":12,"column":32},"end":{"line":12,"column":37}},"line":12},"6":{"name":"onUpdate:modelValue._cache.<computed>._cache.<computed>","decl":{"start":{"line":23,"column":29},"end":{"line":23,"column":36}},"loc":{"start":{"line":23,"column":29},"end":{"line":23,"column":36}},"line":23},"7":{"name":"onUpdate:modelValue._cache.<computed>._cache.<computed>","decl":{"start":{"line":76,"column":29},"end":{"line":76,"column":36}},"loc":{"start":{"line":76,"column":29},"end":{"line":76,"column":36}},"line":76},"8":{"name":"onUpdate:modelValue._cache.<computed>._cache.<computed>","decl":{"start":{"line":108,"column":35},"end":{"line":108,"column":43}},"loc":{"start":{"line":108,"column":35},"end":{"line":108,"column":43}},"line":108}},"f":{"0":18,"1":2,"2":1,"3":1,"4":9,"5":0,"6":1,"7":1,"8":3}}
,"D:\\projeler\\vue-sqlite\\src\\components\\EnvanterHareketi.vue": {"path":"D:\\projeler\\vue-sqlite\\src\\components\\EnvanterHareketi.vue","all":false,"statementMap":{"0":{"start":{"line":1,"column":0},"end":{"line":1,"column":10}},"1":{"start":{"line":2,"column":0},"end":{"line":2,"column":25}},"2":{"start":{"line":3,"column":0},"end":{"line":3,"column":34}},"3":{"start":{"line":4,"column":0},"end":{"line":4,"column":35}},"4":{"start":{"line":5,"column":0},"end":{"line":5,"column":12}},"5":{"start":{"line":6,"column":0},"end":{"line":6,"column":21}},"6":{"start":{"line":7,"column":0},"end":{"line":7,"column":14}},"7":{"start":{"line":8,"column":0},"end":{"line":8,"column":21}},"8":{"start":{"line":9,"column":0},"end":{"line":9,"column":42}},"9":{"start":{"line":10,"column":0},"end":{"line":10,"column":52}},"11":{"start":{"line":12,"column":0},"end":{"line":12,"column":14}},"12":{"start":{"line":13,"column":0},"end":{"line":13,"column":42}},"13":{"start":{"line":14,"column":0},"end":{"line":14,"column":52}},"15":{"start":{"line":16,"column":0},"end":{"line":16,"column":14}},"16":{"start":{"line":17,"column":0},"end":{"line":17,"column":63}},"17":{"start":{"line":18,"column":0},"end":{"line":18,"column":59}},"18":{"start":{"line":19,"column":0},"end":{"line":19,"column":81}},"19":{"start":{"line":20,"column":0},"end":{"line":20,"column":20}},"20":{"start":{"line":21,"column":0},"end":{"line":21,"column":59}},"21":{"start":{"line":22,"column":0},"end":{"line":22,"column":81}},"22":{"start":{"line":23,"column":0},"end":{"line":23,"column":20}},"23":{"start":{"line":24,"column":0},"end":{"line":24,"column":59}},"24":{"start":{"line":25,"column":0},"end":{"line":25,"column":81}},"25":{"start":{"line":26,"column":0},"end":{"line":26,"column":20}},"26":{"start":{"line":27,"column":0},"end":{"line":27,"column":58}},"27":{"start":{"line":28,"column":0},"end":{"line":28,"column":80}},"28":{"start":{"line":29,"column":0},"end":{"line":29,"column":20}},"29":{"start":{"line":30,"column":0},"end":{"line":30,"column":25}},"30":{"start":{"line":31,"column":0},"end":{"line":31,"column":73}},"31":{"start":{"line":32,"column":0},"end":{"line":32,"column":35}},"32":{"start":{"line":33,"column":0},"end":{"line":33,"column":29}},"33":{"start":{"line":34,"column":0},"end":{"line":34,"column":24}},"34":{"start":{"line":35,"column":0},"end":{"line":35,"column":39}},"35":{"start":{"line":36,"column":0},"end":{"line":36,"column":65}},"36":{"start":{"line":37,"column":0},"end":{"line":37,"column":28}},"37":{"start":{"line":38,"column":0},"end":{"line":38,"column":14}},"38":{"start":{"line":39,"column":0},"end":{"line":39,"column":27}},"39":{"start":{"line":40,"column":0},"end":{"line":40,"column":39}},"40":{"start":{"line":41,"column":0},"end":{"line":41,"column":68}},"41":{"start":{"line":42,"column":0},"end":{"line":42,"column":28}},"42":{"start":{"line":43,"column":0},"end":{"line":43,"column":14}},"43":{"start":{"line":44,"column":0},"end":{"line":44,"column":19}},"44":{"start":{"line":45,"column":0},"end":{"line":45,"column":86}},"45":{"start":{"line":46,"column":0},"end":{"line":46,"column":50}},"46":{"start":{"line":47,"column":0},"end":{"line":47,"column":21}},"47":{"start":{"line":48,"column":0},"end":{"line":48,"column":21}},"48":{"start":{"line":49,"column":0},"end":{"line":49,"column":18}},"49":{"start":{"line":50,"column":0},"end":{"line":50,"column":29}},"50":{"start":{"line":51,"column":0},"end":{"line":51,"column":29}},"51":{"start":{"line":52,"column":0},"end":{"line":52,"column":50}},"52":{"start":{"line":53,"column":0},"end":{"line":53,"column":19}},"53":{"start":{"line":54,"column":0},"end":{"line":54,"column":22}},"54":{"start":{"line":55,"column":0},"end":{"line":55,"column":21}},"55":{"start":{"line":56,"column":0},"end":{"line":56,"column":45}},"56":{"start":{"line":57,"column":0},"end":{"line":57,"column":40}},"57":{"start":{"line":58,"column":0},"end":{"line":58,"column":37}},"58":{"start":{"line":59,"column":0},"end":{"line":59,"column":39}},"59":{"start":{"line":60,"column":0},"end":{"line":60,"column":116}},"60":{"start":{"line":61,"column":0},"end":{"line":61,"column":21}},"61":{"start":{"line":62,"column":0},"end":{"line":62,"column":19}},"62":{"start":{"line":63,"column":0},"end":{"line":63,"column":22}},"63":{"start":{"line":64,"column":0},"end":{"line":64,"column":22}},"64":{"start":{"line":65,"column":0},"end":{"line":65,"column":19}},"65":{"start":{"line":66,"column":0},"end":{"line":66,"column":22}},"66":{"start":{"line":67,"column":0},"end":{"line":67,"column":24}},"67":{"start":{"line":68,"column":0},"end":{"line":68,"column":17}},"68":{"start":{"line":69,"column":0},"end":{"line":69,"column":28}},"69":{"start":{"line":70,"column":0},"end":{"line":70,"column":93}},"70":{"start":{"line":71,"column":0},"end":{"line":71,"column":20}},"71":{"start":{"line":72,"column":0},"end":{"line":72,"column":28}},"72":{"start":{"line":73,"column":0},"end":{"line":73,"column":71}},"73":{"start":{"line":74,"column":0},"end":{"line":74,"column":20}},"74":{"start":{"line":75,"column":0},"end":{"line":75,"column":18}},"75":{"start":{"line":76,"column":0},"end":{"line":76,"column":25}},"76":{"start":{"line":77,"column":0},"end":{"line":77,"column":15}},"77":{"start":{"line":78,"column":0},"end":{"line":78,"column":12}},"78":{"start":{"line":79,"column":0},"end":{"line":79,"column":10}},"82":{"start":{"line":83,"column":0},"end":{"line":83,"column":42}},"83":{"start":{"line":84,"column":0},"end":{"line":84,"column":37}},"84":{"start":{"line":85,"column":0},"end":{"line":85,"column":34}},"85":{"start":{"line":86,"column":0},"end":{"line":86,"column":64}},"86":{"start":{"line":87,"column":0},"end":{"line":87,"column":8}},"92":{"start":{"line":93,"column":0},"end":{"line":93,"column":73}},"93":{"start":{"line":94,"column":0},"end":{"line":94,"column":36}},"95":{"start":{"line":96,"column":0},"end":{"line":96,"column":27}},"96":{"start":{"line":97,"column":0},"end":{"line":97,"column":19}},"97":{"start":{"line":98,"column":0},"end":{"line":98,"column":41}},"98":{"start":{"line":99,"column":0},"end":{"line":99,"column":27}},"99":{"start":{"line":100,"column":0},"end":{"line":100,"column":29}},"100":{"start":{"line":101,"column":0},"end":{"line":101,"column":9}},"101":{"start":{"line":102,"column":0},"end":{"line":102,"column":2}},"102":{"start":{"line":103,"column":0},"end":{"line":103,"column":64}},"104":{"start":{"line":105,"column":0},"end":{"line":105,"column":25}},"105":{"start":{"line":106,"column":0},"end":{"line":106,"column":16}},"106":{"start":{"line":107,"column":0},"end":{"line":107,"column":8}},"107":{"start":{"line":108,"column":0},"end":{"line":108,"column":5}},"108":{"start":{"line":109,"column":0},"end":{"line":109,"column":1}},"110":{"start":{"line":111,"column":0},"end":{"line":111,"column":29}},"111":{"start":{"line":112,"column":0},"end":{"line":112,"column":47}},"112":{"start":{"line":113,"column":0},"end":{"line":113,"column":31}},"113":{"start":{"line":114,"column":0},"end":{"line":114,"column":32}},"114":{"start":{"line":115,"column":0},"end":{"line":115,"column":59}},"115":{"start":{"line":116,"column":0},"end":{"line":116,"column":19}},"116":{"start":{"line":117,"column":0},"end":{"line":117,"column":37}},"117":{"start":{"line":118,"column":0},"end":{"line":118,"column":31}},"118":{"start":{"line":119,"column":0},"end":{"line":119,"column":67}},"119":{"start":{"line":120,"column":0},"end":{"line":120,"column":30}},"120":{"start":{"line":121,"column":0},"end":{"line":121,"column":7}},"121":{"start":{"line":122,"column":0},"end":{"line":122,"column":12}},"122":{"start":{"line":123,"column":0},"end":{"line":123,"column":17}},"123":{"start":{"line":124,"column":0},"end":{"line":124,"column":28}},"124":{"start":{"line":125,"column":0},"end":{"line":125,"column":27}},"125":{"start":{"line":126,"column":0},"end":{"line":126,"column":9}},"126":{"start":{"line":127,"column":0},"end":{"line":127,"column":5}},"127":{"start":{"line":128,"column":0},"end":{"line":128,"column":25}},"128":{"start":{"line":129,"column":0},"end":{"line":129,"column":22}},"129":{"start":{"line":130,"column":0},"end":{"line":130,"column":3}},"130":{"start":{"line":131,"column":0},"end":{"line":131,"column":1}},"132":{"start":{"line":133,"column":0},"end":{"line":133,"column":43}},"133":{"start":{"line":134,"column":0},"end":{"line":134,"column":24}},"134":{"start":{"line":135,"column":0},"end":{"line":135,"column":1}},"136":{"start":{"line":137,"column":0},"end":{"line":137,"column":26}},"137":{"start":{"line":138,"column":0},"end":{"line":138,"column":7}},"138":{"start":{"line":139,"column":0},"end":{"line":139,"column":26}},"139":{"start":{"line":140,"column":0},"end":{"line":140,"column":85}},"140":{"start":{"line":141,"column":0},"end":{"line":141,"column":42}},"141":{"start":{"line":142,"column":0},"end":{"line":142,"column":37}},"142":{"start":{"line":143,"column":0},"end":{"line":143,"column":9}},"143":{"start":{"line":144,"column":0},"end":{"line":144,"column":39}},"144":{"start":{"line":145,"column":0},"end":{"line":145,"column":50}},"145":{"start":{"line":146,"column":0},"end":{"line":146,"column":42}},"146":{"start":{"line":147,"column":0},"end":{"line":147,"column":33}},"147":{"start":{"line":148,"column":0},"end":{"line":148,"column":38}},"148":{"start":{"line":149,"column":0},"end":{"line":149,"column":9}},"149":{"start":{"line":150,"column":0},"end":{"line":150,"column":83}},"150":{"start":{"line":151,"column":0},"end":{"line":151,"column":7}},"151":{"start":{"line":152,"column":0},"end":{"line":152,"column":37}},"152":{"start":{"line":153,"column":0},"end":{"line":153,"column":12}},"153":{"start":{"line":154,"column":0},"end":{"line":154,"column":47}},"154":{"start":{"line":155,"column":0},"end":{"line":155,"column":5}},"155":{"start":{"line":156,"column":0},"end":{"line":156,"column":15}},"156":{"start":{"line":157,"column":0},"end":{"line":157,"column":63}},"157":{"start":{"line":158,"column":0},"end":{"line":158,"column":3}},"158":{"start":{"line":159,"column":0},"end":{"line":159,"column":1}}},"s":{"0":1,"1":1,"2":1,"3":1,"4":1,"5":1,"6":1,"7":1,"8":1,"9":1,"11":5,"12":1,"13":1,"15":5,"16":1,"17":1,"18":1,"19":1,"20":1,"21":1,"22":1,"23":1,"24":1,"25":1,"26":1,"27":1,"28":1,"29":1,"30":1,"31":1,"32":1,"33":1,"34":1,"35":1,"36":1,"37":1,"38":1,"39":1,"40":1,"41":1,"42":1,"43":1,"44":1,"45":1,"46":1,"47":1,"48":1,"49":1,"50":1,"51":1,"52":1,"53":1,"54":1,"55":1,"56":1,"57":1,"58":1,"59":1,"60":1,"61":1,"62":1,"63":1,"64":1,"65":1,"66":1,"67":1,"68":1,"69":1,"70":1,"71":1,"72":1,"73":1,"74":1,"75":1,"76":1,"77":1,"78":1,"82":1,"83":1,"84":1,"85":1,"86":1,"92":1,"93":1,"95":1,"96":1,"97":1,"98":1,"99":1,"100":1,"101":1,"102":1,"104":1,"105":0,"106":0,"107":0,"108":0,"110":1,"111":1,"112":1,"113":1,"114":1,"115":1,"116":0,"117":0,"118":0,"119":0,"120":0,"121":1,"122":1,"123":1,"124":1,"125":1,"126":1,"127":1,"128":1,"129":1,"130":1,"132":1,"133":1,"134":1,"136":1,"137":2,"138":2,"139":1,"140":1,"141":1,"142":1,"143":1,"144":2,"145":2,"146":2,"147":2,"148":2,"149":2,"150":2,"151":1,"152":1,"153":1,"154":1,"155":2,"156":0,"157":0,"158":2},"branchMap":{"0":{"type":"branch","line":105,"loc":{"start":{"line":105,"column":24},"end":{"line":109,"column":1}},"locations":[{"start":{"line":105,"column":24},"end":{"line":109,"column":1}}]},"1":{"type":"branch","line":111,"loc":{"start":{"line":111,"column":16},"end":{"line":131,"column":1}},"locations":[{"start":{"line":111,"column":16},"end":{"line":131,"column":1}}]},"2":{"type":"branch","line":116,"loc":{"start":{"line":116,"column":18},"end":{"line":122,"column":11}},"locations":[{"start":{"line":116,"column":18},"end":{"line":122,"column":11}}]},"3":{"type":"branch","line":133,"loc":{"start":{"line":133,"column":23},"end":{"line":135,"column":1}},"locations":[{"start":{"line":133,"column":23},"end":{"line":135,"column":1}}]},"4":{"type":"branch","line":137,"loc":{"start":{"line":137,"column":13},"end":{"line":159,"column":1}},"locations":[{"start":{"line":137,"column":13},"end":{"line":159,"column":1}}]},"5":{"type":"branch","line":139,"loc":{"start":{"line":139,"column":25},"end":{"line":155,"column":5}},"locations":[{"start":{"line":139,"column":25},"end":{"line":155,"column":5}}]},"6":{"type":"branch","line":144,"loc":{"start":{"line":144,"column":38},"end":{"line":151,"column":7}},"locations":[{"start":{"line":144,"column":38},"end":{"line":151,"column":7}}]},"7":{"type":"branch","line":156,"loc":{"start":{"line":156,"column":2},"end":{"line":158,"column":3}},"locations":[{"start":{"line":156,"column":2},"end":{"line":158,"column":3}}]},"8":{"type":"branch","line":4,"loc":{"start":{"line":4,"column":6},"end":{"line":4,"column":35}},"locations":[{"start":{"line":4,"column":6},"end":{"line":4,"column":35}}]},"9":{"type":"branch","line":10,"loc":{"start":{"line":10,"column":50},"end":{"line":12,"column":14}},"locations":[{"start":{"line":10,"column":50},"end":{"line":12,"column":14}}]},"10":{"type":"branch","line":14,"loc":{"start":{"line":14,"column":50},"end":{"line":16,"column":14}},"locations":[{"start":{"line":14,"column":50},"end":{"line":16,"column":14}}]},"11":{"type":"branch","line":17,"loc":{"start":{"line":17,"column":38},"end":{"line":17,"column":50}},"locations":[{"start":{"line":17,"column":38},"end":{"line":17,"column":50}}]},"12":{"type":"branch","line":31,"loc":{"start":{"line":31,"column":36},"end":{"line":31,"column":46}},"locations":[{"start":{"line":31,"column":36},"end":{"line":31,"column":46}}]},"13":{"type":"branch","line":17,"loc":{"start":{"line":17,"column":38},"end":{"line":17,"column":50}},"locations":[{"start":{"line":17,"column":38},"end":{"line":17,"column":50}}]},"14":{"type":"branch","line":19,"loc":{"start":{"line":19,"column":14},"end":{"line":19,"column":81}},"locations":[{"start":{"line":19,"column":14},"end":{"line":19,"column":81}}]},"15":{"type":"branch","line":22,"loc":{"start":{"line":22,"column":14},"end":{"line":22,"column":81}},"locations":[{"start":{"line":22,"column":14},"end":{"line":22,"column":81}}]},"16":{"type":"branch","line":25,"loc":{"start":{"line":25,"column":14},"end":{"line":25,"column":81}},"locations":[{"start":{"line":25,"column":14},"end":{"line":25,"column":81}}]},"17":{"type":"branch","line":28,"loc":{"start":{"line":28,"column":14},"end":{"line":28,"column":80}},"locations":[{"start":{"line":28,"column":14},"end":{"line":28,"column":80}}]},"18":{"type":"branch","line":31,"loc":{"start":{"line":31,"column":36},"end":{"line":31,"column":46}},"locations":[{"start":{"line":31,"column":36},"end":{"line":31,"column":46}}]},"19":{"type":"branch","line":35,"loc":{"start":{"line":35,"column":34},"end":{"line":35,"column":39}},"locations":[{"start":{"line":35,"column":34},"end":{"line":35,"column":39}}]},"20":{"type":"branch","line":40,"loc":{"start":{"line":40,"column":34},"end":{"line":40,"column":39}},"locations":[{"start":{"line":40,"column":34},"end":{"line":40,"column":39}}]},"21":{"type":"branch","line":35,"loc":{"start":{"line":35,"column":34},"end":{"line":35,"column":39}},"locations":[{"start":{"line":35,"column":34},"end":{"line":35,"column":39}}]},"22":{"type":"branch","line":36,"loc":{"start":{"line":36,"column":22},"end":{"line":36,"column":65}},"locations":[{"start":{"line":36,"column":22},"end":{"line":36,"column":65}}]},"23":{"type":"branch","line":36,"loc":{"start":{"line":36,"column":39},"end":{"line":36,"column":65}},"locations":[{"start":{"line":36,"column":39},"end":{"line":36,"column":65}}]},"24":{"type":"branch","line":40,"loc":{"start":{"line":40,"column":34},"end":{"line":40,"column":39}},"locations":[{"start":{"line":40,"column":34},"end":{"line":40,"column":39}}]},"25":{"type":"branch","line":41,"loc":{"start":{"line":41,"column":22},"end":{"line":41,"column":68}},"locations":[{"start":{"line":41,"column":22},"end":{"line":41,"column":68}}]},"26":{"type":"branch","line":41,"loc":{"start":{"line":41,"column":38},"end":{"line":41,"column":68}},"locations":[{"start":{"line":41,"column":38},"end":{"line":41,"column":68}}]},"27":{"type":"branch","line":45,"loc":{"start":{"line":45,"column":74},"end":{"line":45,"column":86}},"locations":[{"start":{"line":45,"column":74},"end":{"line":45,"column":86}}]},"28":{"type":"branch","line":45,"loc":{"start":{"line":45,"column":78},"end":{"line":45,"column":86}},"locations":[{"start":{"line":45,"column":78},"end":{"line":45,"column":86}}]},"29":{"type":"branch","line":60,"loc":{"start":{"line":60,"column":31},"end":{"line":60,"column":56}},"locations":[{"start":{"line":60,"column":31},"end":{"line":60,"column":56}}]},"30":{"type":"branch","line":70,"loc":{"start":{"line":70,"column":27},"end":{"line":70,"column":55}},"locations":[{"start":{"line":70,"column":27},"end":{"line":70,"column":55}}]},"31":{"type":"branch","line":70,"loc":{"start":{"line":70,"column":79},"end":{"line":70,"column":93}},"locations":[{"start":{"line":70,"column":79},"end":{"line":70,"column":93}}]},"32":{"type":"branch","line":73,"loc":{"start":{"line":73,"column":57},"end":{"line":73,"column":71}},"locations":[{"start":{"line":73,"column":57},"end":{"line":73,"column":71}}]}},"b":{"0":[0],"1":[1],"2":[0],"3":[1],"4":[2],"5":[1],"6":[2],"7":[0],"8":[5],"9":[5],"10":[5],"11":[5],"12":[5],"13":[2],"14":[9],"15":[9],"16":[9],"17":[9],"18":[2],"19":[5],"20":[5],"21":[1],"22":[7],"23":[5],"24":[1],"25":[8],"26":[1],"27":[9],"28":[5],"29":[1],"30":[1],"31":[5],"32":[5]},"fnMap":{"0":{"name":"addList","decl":{"start":{"line":111,"column":16},"end":{"line":131,"column":1}},"loc":{"start":{"line":111,"column":16},"end":{"line":131,"column":1}},"line":111},"1":{"name":"removeListItem","decl":{"start":{"line":133,"column":23},"end":{"line":135,"column":1}},"loc":{"start":{"line":133,"column":23},"end":{"line":135,"column":1}},"line":133},"2":{"name":"save","decl":{"start":{"line":137,"column":13},"end":{"line":159,"column":1}},"loc":{"start":{"line":137,"column":13},"end":{"line":159,"column":1}},"line":137},"3":{"name":"onUpdate:modelValue._cache.<computed>._cache.<computed>","decl":{"start":{"line":17,"column":38},"end":{"line":17,"column":50}},"loc":{"start":{"line":17,"column":38},"end":{"line":17,"column":50}},"line":17},"4":{"name":"onUpdate:modelValue._cache.<computed>._cache.<computed>","decl":{"start":{"line":31,"column":36},"end":{"line":31,"column":46}},"loc":{"start":{"line":31,"column":36},"end":{"line":31,"column":46}},"line":31},"5":{"name":"onUpdate:modelValue._cache.<computed>._cache.<computed>","decl":{"start":{"line":35,"column":34},"end":{"line":35,"column":39}},"loc":{"start":{"line":35,"column":34},"end":{"line":35,"column":39}},"line":35},"6":{"name":"rules","decl":{"start":{"line":36,"column":22},"end":{"line":36,"column":65}},"loc":{"start":{"line":36,"column":22},"end":{"line":36,"column":65}},"line":36},"7":{"name":"onUpdate:modelValue._cache.<computed>._cache.<computed>","decl":{"start":{"line":40,"column":34},"end":{"line":40,"column":39}},"loc":{"start":{"line":40,"column":34},"end":{"line":40,"column":39}},"line":40},"8":{"name":"rules","decl":{"start":{"line":41,"column":22},"end":{"line":41,"column":68}},"loc":{"start":{"line":41,"column":22},"end":{"line":41,"column":68}},"line":41},"9":{"name":"onClick","decl":{"start":{"line":60,"column":31},"end":{"line":60,"column":56}},"loc":{"start":{"line":60,"column":31},"end":{"line":60,"column":56}},"line":60},"10":{"name":"onClick._cache.<computed>._cache.<computed>","decl":{"start":{"line":70,"column":27},"end":{"line":70,"column":55}},"loc":{"start":{"line":70,"column":27},"end":{"line":70,"column":55}},"line":70}},"f":{"0":1,"1":1,"2":2,"3":2,"4":2,"5":1,"6":7,"7":1,"8":8,"9":1,"10":1}}
[...]
":139,"column":0},"end":{"line":139,"column":15}},"139":{"start":{"line":140,"column":0},"end":{"line":140,"column":35}},"140":{"start":{"line":141,"column":0},"end":{"line":141,"column":20}},"141":{"start":{"line":142,"column":0},"end":{"line":142,"column":27}},"142":{"start":{"line":143,"column":0},"end":{"line":143,"column":3}},"143":{"start":{"line":144,"column":0},"end":{"line":144,"column":1}},"145":{"start":{"line":146,"column":0},"end":{"line":146,"column":42}},"146":{"start":{"line":147,"column":0},"end":{"line":147,"column":35}},"147":{"start":{"line":148,"column":0},"end":{"line":148,"column":1}},"149":{"start":{"line":150,"column":0},"end":{"line":150,"column":26}},"150":{"start":{"line":151,"column":0},"end":{"line":151,"column":44}},"151":{"start":{"line":152,"column":0},"end":{"line":152,"column":14}},"152":{"start":{"line":153,"column":0},"end":{"line":153,"column":9}},"153":{"start":{"line":154,"column":0},"end":{"line":154,"column":76}},"154":{"start":{"line":155,"column":0},"end":{"line":155,"column":43}},"155":{"start":{"line":156,"column":0},"end":{"line":156,"column":28}},"156":{"start":{"line":157,"column":0},"end":{"line":157,"column":65}},"157":{"start":{"line":158,"column":0},"end":{"line":158,"column":7}},"158":{"start":{"line":159,"column":0},"end":{"line":159,"column":49}},"159":{"start":{"line":160,"column":0},"end":{"line":160,"column":17}},"160":{"start":{"line":161,"column":0},"end":{"line":161,"column":57}},"161":{"start":{"line":162,"column":0},"end":{"line":162,"column":5}},"162":{"start":{"line":163,"column":0},"end":{"line":163,"column":3}},"163":{"start":{"line":164,"column":0},"end":{"line":164,"column":1}}},"s":{"0":12,"1":1,"2":1,"3":1,"4":1,"5":1,"6":1,"7":1,"8":1,"9":1,"10":1,"11":1,"12":1,"13":1,"14":1,"15":1,"16":1,"17":1,"18":1,"19":1,"20":1,"21":1,"22":1,"23":1,"24":1,"25":1,"26":1,"27":1,"28":1,"29":1,"30":1,"31":1,"32":1,"33":1,"34":1,"35":1,"36":1,"37":1,"38":1,"39":1,"40":1,"41":1,"42":1,"43":1,"44":1,"45":1,"46":1,"47":1,"48":1,"49":1,"50":1,"51":1,"52":1,"53":1,"54":1,"55":1,"56":1,"57":1,"58":1,"59":1,"60":1,"61":1,"62":1,"63":1,"64":1,"65":1,"66":1,"67":1,"68":1,"69":1,"70":1,"71":1,"72":1,"74":14,"75":1,"76":1,"77":1,"78":1,"79":1,"80":1,"81":1,"82":1,"83":1,"84":1,"85":1,"87":1,"88":1,"89":1,"90":1,"91":1,"92":1,"93":1,"94":1,"95":1,"96":1,"97":1,"98":1,"99":1,"100":1,"101":1,"102":1,"103":1,"104":1,"108":1,"109":1,"110":1,"111":1,"112":1,"113":1,"114":1,"116":1,"117":1,"118":1,"119":1,"120":1,"122":1,"123":0,"124":0,"125":0,"126":0,"128":1,"129":1,"130":1,"132":1,"133":1,"135":1,"136":3,"137":3,"138":2,"139":2,"140":3,"141":1,"142":1,"143":3,"145":1,"146":1,"147":1,"149":1,"150":1,"151":1,"152":1,"153":1,"154":1,"155":0,"156":0,"157":0,"158":1,"159":1,"160":0,"161":0,"162":1,"163":1},"branchMap":{"0":{"type":"branch","line":123,"loc":{"start":{"line":123,"column":24},"end":{"line":127,"column":1}},"locations":[{"start":{"line":123,"column":24},"end":{"line":127,"column":1}}]},"1":{"type":"branch","line":129,"loc":{"start":{"line":129,"column":22},"end":{"line":134,"column":1}},"locations":[{"start":{"line":129,"column":22},"end":{"line":134,"column":1}}]},"2":{"type":"branch","line":131,"loc":{"start":{"line":131,"column":4},"end":{"line":131,"column":43}},"locations":[{"start":{"line":131,"column":4},"end":{"line":131,"column":43}}]},"3":{"type":"branch","line":136,"loc":{"start":{"line":136,"column":19},"end":{"line":144,"column":1}},"locations":[{"start":{"line":136,"column":19},"end":{"line":144,"column":1}}]},"4":{"type":"branch","line":138,"loc":{"start":{"line":138,"column":57},"end":{"line":140,"column":35}},"locations":[{"start":{"line":138,"column":57},"end":{"line":140,"column":35}}]},"5":{"type":"branch","line":141,"loc":{"start":{"line":141,"column":2},"end":{"line":143,"column":3}},"locations":[{"start":{"line":141,"column":2},"end":{"line":143,"column":3}}]},"6":{"type":"branch","line":146,"loc":{"start":{"line":146,"column":22},"end":{"line":148,"column":1}},"locations":[{"start":{"line":146,"column":22},"end":{"line":148,"column":1}}]},"7":{"type":"branch","line":150,"loc":{"start":{"line":150,"column":13},"end":{"line":164,"column":1}},"locations":[{"start":{"line":150,"column":13},"end":{"line":164,"column":1}}]},"8":{"type":"branch","line":155,"loc":{"start":{"line":155,"column":42},"end":{"line":158,"column":7}},"locations":[{"start":{"line":155,"column":42},"end":{"line":158,"column":7}}]},"9":{"type":"branch","line":160,"loc":{"start":{"line":160,"column":4},"end":{"line":162,"column":5}},"locations":[{"start":{"line":160,"column":4},"end":{"line":162,"column":5}}]},"10":{"type":"branch","line":4,"loc":{"start":{"line":4,"column":6},"end":{"line":4,"column":24}},"locations":[{"start":{"line":4,"column":6},"end":{"line":4,"column":24}}]},"11":{"type":"branch","line":11,"loc":{"start":{"line":11,"column":30},"end":{"line":11,"column":33}},"locations":[{"start":{"line":11,"column":30},"end":{"line":11,"column":33}}]},"12":{"type":"branch","line":17,"loc":{"start":{"line":17,"column":30},"end":{"line":17,"column":39}},"locations":[{"start":{"line":17,"column":30},"end":{"line":17,"column":39}}]},"13":{"type":"branch","line":22,"loc":{"start":{"line":22,"column":30},"end":{"line":22,"column":41}},"locations":[{"start":{"line":22,"column":30},"end":{"line":22,"column":41}}]},"14":{"type":"branch","line":49,"loc":{"start":{"line":49,"column":30},"end":{"line":49,"column":36}},"locations":[{"start":{"line":49,"column":30},"end":{"line":49,"column":36}}]},"15":{"type":"branch","line":56,"loc":{"start":{"line":56,"column":12},"end":{"line":56,"column":16}},"locations":[{"start":{"line":56,"column":12},"end":{"line":56,"column":16}}]},"16":{"type":"branch","line":62,"loc":{"start":{"line":62,"column":30},"end":{"line":62,"column":46}},"locations":[{"start":{"line":62,"column":30},"end":{"line":62,"column":46}}]},"17":{"type":"branch","line":1,"loc":{"start":{"line":1,"column":0},"end":{"line":1,"column":10}},"locations":[{"start":{"line":1,"column":0},"end":{"line":1,"column":10}}]},"18":{"type":"branch","line":11,"loc":{"start":{"line":11,"column":30},"end":{"line":11,"column":33}},"locations":[{"start":{"line":11,"column":30},"end":{"line":11,"column":33}}]},"19":{"type":"branch","line":12,"loc":{"start":{"line":12,"column":25},"end":{"line":12,"column":60}},"locations":[{"start":{"line":12,"column":25},"end":{"line":12,"column":60}}]},"20":{"type":"branch","line":12,"loc":{"start":{"line":12,"column":30},"end":{"line":12,"column":60}},"locations":[{"start":{"line":12,"column":30},"end":{"line":12,"column":60}}]},"21":{"type":"branch","line":17,"loc":{"start":{"line":17,"column":30},"end":{"line":17,"column":39}},"locations":[{"start":{"line":17,"column":30},"end":{"line":17,"column":39}}]},"22":{"type":"branch","line":49,"loc":{"start":{"line":49,"column":30},"end":{"line":49,"column":36}},"locations":[{"start":{"line":49,"column":30},"end":{"line":49,"column":36}}]},"23":{"type":"branch","line":50,"loc":{"start":{"line":50,"column":25},"end":{"line":50,"column":60}},"locations":[{"start":{"line":50,"column":25},"end":{"line":50,"column":60}}]},"24":{"type":"branch","line":50,"loc":{"start":{"line":50,"column":30},"end":{"line":50,"column":60}},"locations":[{"start":{"line":50,"column":30},"end":{"line":50,"column":60}}]},"25":{"type":"branch","line":55,"loc":{"start":{"line":55,"column":21},"end":{"line":55,"column":45}},"locations":[{"start":{"line":55,"column":21},"end":{"line":55,"column":45}}]},"26":{"type":"branch","line":55,"loc":{"start":{"line":55,"column":35},"end":{"line":55,"column":45}},"locations":[{"start":{"line":55,"column":35},"end":{"line":55,"column":45}}]},"27":{"type":"branch","line":58,"loc":{"start":{"line":58,"column":27},"end":{"line":58,"column":47}},"locations":[{"start":{"line":58,"column":27},"end":{"line":58,"column":47}}]},"28":{"type":"branch","line":58,"loc":{"start":{"line":58,"column":47},"end":{"line":58,"column":58}},"locations":[{"start":{"line":58,"column":47},"end":{"line":58,"column":58}}]},"29":{"type":"branch","line":58,"loc":{"start":{"line":58,"column":50},"end":{"line":58,"column":58}},"locations":[{"start":{"line":58,"column":50},"end":{"line":58,"column":58}}]},"30":{"type":"branch","line":59,"loc":{"start":{"line":59,"column":73},"end":{"line":59,"column":96}},"locations":[{"start":{"line":59,"column":73},"end":{"line":59,"column":96}}]},"31":{"type":"branch","line":59,"loc":{"start":{"line":59,"column":96},"end":{"line":59,"column":115}},"locations":[{"start":{"line":59,"column":96},"end":{"line":59,"column":115}}]},"32":{"type":"branch","line":74,"loc":{"start":{"line":74,"column":-2},"end":{"line":75,"column":20}},"locations":[{"start":{"line":74,"column":-2},"end":{"line":75,"column":20}}]},"33":{"type":"branch","line":75,"loc":{"start":{"line":75,"column":12},"end":{"line":75,"column":20}},"locations":[{"start":{"line":75,"column":12},"end":{"line":75,"column":20}}]},"34":{"type":"branch","line":86,"loc":{"start":{"line":86,"column":34},"end":{"line":86,"column":58}},"locations":[{"start":{"line":86,"column":34},"end":{"line":86,"column":58}}]},"35":{"type":"branch","line":86,"loc":{"start":{"line":86,"column":58},"end":{"line":86,"column":76}},"locations":[{"start":{"line":86,"column":58},"end":{"line":86,"column":76}}]},"36":{"type":"branch","line":96,"loc":{"start":{"line":96,"column":27},"end":{"line":96,"column":67}},"locations":[{"start":{"line":96,"column":27},"end":{"line":96,"column":67}}]},"37":{"type":"branch","line":96,"loc":{"start":{"line":96,"column":91},"end":{"line":96,"column":105}},"locations":[{"start":{"line":96,"column":91},"end":{"line":96,"column":105}}]},"38":{"type":"branch","line":99,"loc":{"start":{"line":99,"column":57},"end":{"line":99,"column":71}},"locations":[{"start":{"line":99,"column":57},"end":{"line":99,"column":71}}]}},"b":{"0":[0],"1":[1],"2":[0],"3":[3],"4":[2],"5":[1],"6":[1],"7":[1],"8":[0],"9":[0],"10":[6],"11":[6],"12":[6],"13":[6],"14":[6],"15":[6],"16":[6],"17":[12],"18":[1],"19":[8],"20":[6],"21":[1],"22":[2],"23":[9],"24":[6],"25":[14],"26":[6],"27":[6],"28":[14],"29":[6],"30":[1],"31":[42],"32":[1],"33":[6],"34":[1],"35":[2],"36":[1],"37":[6],"38":[6]},"fnMap":{"0":{"name":"indirimUygula","decl":{"start":{"line":129,"column":22},"end":{"line":134,"column":1}},"loc":{"start":{"line":129,"column":22},"end":{"line":134,"column":1}},"line":129},"1":{"name":"addBarcode","decl":{"start":{"line":136,"column":19},"end":{"line":144,"column":1}},"loc":{"start":{"line":136,"column":19},"end":{"line":144,"column":1}},"line":136},"2":{"name":"removeBarcode","decl":{"start":{"line":146,"column":22},"end":{"line":148,"column":1}},"loc":{"start":{"line":146,"column":22},"end":{"line":148,"column":1}},"line":146},"3":{"name":"save","decl":{"start":{"line":150,"column":13},"end":{"line":164,"column":1}},"loc":{"start":{"line":150,"column":13},"end":{"line":164,"column":1}},"line":150},"4":{"name":"onUpdate:modelValue._cache.<computed>._cache.<computed>","decl":{"start":{"line":11,"column":30},"end":{"line":11,"column":33}},"loc":{"start":{"line":11,"column":30},"end":{"line":11,"column":33}},"line":11},"5":{"name":"rules","decl":{"start":{"line":12,"column":25},"end":{"line":12,"column":60}},"loc":{"start":{"line":12,"column":25},"end":{"line":12,"column":60}},"line":12},"6":{"name":"onUpdate:modelValue._cache.<computed>._cache.<computed>","decl":{"start":{"line":17,"column":30},"end":{"line":17,"column":39}},"loc":{"start":{"line":17,"column":30},"end":{"line":17,"column":39}},"line":17},"7":{"name":"onUpdate:modelValue._cache.<computed>._cache.<computed>","decl":{"start":{"line":22,"column":30},"end":{"line":22,"column":41}},"loc":{"start":{"line":22,"column":30},"end":{"line":22,"column":41}},"line":22},"8":{"name":"onUpdate:modelValue._cache.<computed>._cache.<computed>","decl":{"start":{"line":49,"column":30},"end":{"line":49,"column":36}},"loc":{"start":{"line":49,"column":30},"end":{"line":49,"column":36}},"line":49},"9":{"name":"rules","decl":{"start":{"line":50,"column":25},"end":{"line":50,"column":60}},"loc":{"start":{"line":50,"column":25},"end":{"line":50,"column":60}},"line":50},"10":{"name":"onClick._cache.<computed>._cache.<computed>","decl":{"start":{"line":58,"column":27},"end":{"line":58,"column":47}},"loc":{"start":{"line":58,"column":27},"end":{"line":58,"column":47}},"line":58},"11":{"name":"onClick","decl":{"start":{"line":59,"column":73},"end":{"line":59,"column":96}},"loc":{"start":{"line":59,"column":73},"end":{"line":59,"column":96}},"line":59},"12":{"name":"onUpdate:modelValue._cache.<computed>._cache.<computed>","decl":{"start":{"line":62,"column":30},"end":{"line":62,"column":46}},"loc":{"start":{"line":62,"column":30},"end":{"line":62,"column":46}},"line":62},"13":{"name":"onClick","decl":{"start":{"line":86,"column":34},"end":{"line":86,"column":58}},"loc":{"start":{"line":86,"column":34},"end":{"line":86,"column":58}},"line":86},"14":{"name":"onClick._cache.<computed>._cache.<computed>","decl":{"start":{"line":96,"column":27},"end":{"line":96,"column":67}},"loc":{"start":{"line":96,"column":27},"end":{"line":96,"column":67}},"line":96}},"f":{"0":1,"1":3,"2":1,"3":1,"4":1,"5":8,"6":1,"7":0,"8":2,"9":9,"10":0,"11":1,"12":0,"13":1,"14":1}}
,"D:\\projeler\\vue-sqlite\\src\\components\\UrunPicker.vue": {"path":"D:\\projeler\\vue-sqlite\\src\\components\\UrunPicker.vue","all":false,"statementMap":{"0":{"start":{"line":1,"column":0},"end":{"line":1,"column":10}},"1":{"start":{"line":2,"column":0},"end":{"line":2,"column":17}},"2":{"start":{"line":3,"column":0},"end":{"line":3,"column":28}},"3":{"start":{"line":4,"column":0},"end":{"line":4,"column":20}},"4":{"start":{"line":5,"column":0},"end":{"line":5,"column":20}},"5":{"start":{"line":6,"column":0},"end":{"line":6,"column":21}},"6":{"start":{"line":7,"column":0},"end":{"line":7,"column":21}},"7":{"start":{"line":8,"column":0},"end":{"line":8,"column":21}},"8":{"start":{"line":9,"column":0},"end":{"line":9,"column":19}},"10":{"start":{"line":11,"column":0},"end":{"line":11,"column":28}},"11":{"start":{"line":12,"column":0},"end":{"line":12,"column":53}},"13":{"start":{"line":14,"column":0},"end":{"line":14,"column":43}},"14":{"start":{"line":15,"column":0},"end":{"line":15,"column":33}},"16":{"start":{"line":17,"column":0},"end":{"line":17,"column":19}},"20":{"start":{"line":21,"column":0},"end":{"line":21,"column":35}},"21":{"start":{"line":22,"column":0},"end":{"line":22,"column":73}},"23":{"start":{"line":24,"column":0},"end":{"line":24,"column":69}},"24":{"start":{"line":25,"column":0},"end":{"line":25,"column":36}},"26":{"start":{"line":27,"column":0},"end":{"line":27,"column":36}},"27":{"start":{"line":28,"column":0},"end":{"line":28,"column":49}},"30":{"start":{"line":31,"column":0},"end":{"line":31,"column":25}},"31":{"start":{"line":32,"column":0},"end":{"line":32,"column":16}},"32":{"start":{"line":33,"column":0},"end":{"line":33,"column":16}},"33":{"start":{"line":34,"column":0},"end":{"line":34,"column":5}},"34":{"start":{"line":35,"column":0},"end":{"line":35,"column":1}},"36":{"start":{"line":37,"column":0},"end":{"line":37,"column":17}},"37":{"start":{"line":38,"column":0},"end":{"line":38,"column":9}},"38":{"start":{"line":39,"column":0},"end":{"line":39,"column":3}},"40":{"start":{"line":41,"column":0},"end":{"line":41,"column":26}},"41":{"start":{"line":42,"column":0},"end":{"line":42,"column":7}},"42":{"start":{"line":43,"column":0},"end":{"line":43,"column":66}},"43":{"start":{"line":44,"column":0},"end":{"line":44,"column":15}},"44":{"start":{"line":45,"column":0},"end":{"line":45,"column":43}},"45":{"start":{"line":46,"column":0},"end":{"line":46,"column":3}},"46":{"start":{"line":47,"column":0},"end":{"line":47,"column":1}},"48":{"start":{"line":49,"column":0},"end":{"line":49,"column":26}},"49":{"start":{"line":50,"column":0},"end":{"line":50,"column":7}},"50":{"start":{"line":51,"column":0},"end":{"line":51,"column":59}},"51":{"start":{"line":52,"column":0},"end":{"line":52,"column":17}},"52":{"start":{"line":53,"column":0},"end":{"line":53,"column":71}},"53":{"start":{"line":54,"column":0},"end":{"line":54,"column":17}},"54":{"start":{"line":55,"column":0},"end":{"line":55,"column":34}},"55":{"start":{"line":56,"column":0},"end":{"line":56,"column":14}},"56":{"start":{"line":57,"column":0},"end":{"line":57,"column":58}},"57":{"start":{"line":58,"column":0},"end":{"line":58,"column":7}},"58":{"start":{"line":59,"column":0},"end":{"line":59,"column":5}},"59":{"start":{"line":60,"column":0},"end":{"line":60,"column":20}},"60":{"start":{"line":61,"column":0},"end":{"line":61,"column":72}},"61":{"start":{"line":62,"column":0},"end":{"line":62,"column":3}},"62":{"start":{"line":63,"column":0},"end":{"line":63,"column":1}}},"s":{"0":25,"1":1,"2":1,"3":1,"4":1,"5":1,"6":1,"7":1,"8":1,"10":1,"11":1,"13":1,"14":1,"16":1,"20":1,"21":1,"23":1,"24":1,"26":1,"27":1,"30":1,"31":0,"32":0,"33":0,"34":0,"36":1,"37":23,"38":1,"40":1,"41":23,"42":23,"43":23,"44":0,"45":0,"46":23,"48":1,"49":3,"50":3,"51":2,"52":2,"53":2,"54":1,"55":1,"56":1,"57":1,"58":2,"59":3,"60":1,"61":1,"62":3},"branchMap":{"0":{"type":"branch","line":31,"loc":{"start":{"line":31,"column":24},"end":{"line":35,"column":1}},"locations":[{"start":{"line":31,"column":24},"end":{"line":35,"column":1}}]},"1":{"type":"branch","line":37,"loc":{"start":{"line":37,"column":10},"end":{"line":39,"column":1}},"locations":[{"start":{"line":37,"column":10},"end":{"line":39,"column":1}}]},"2":{"type":"branch","line":41,"loc":{"start":{"line":41,"column":13},"end":{"line":47,"column":1}},"locations":[{"start":{"line":41,"column":13},"end":{"line":47,"column":1}}]},"3":{"type":"branch","line":44,"loc":{"start":{"line":44,"column":2},"end":{"line":46,"column":3}},"locations":[{"start":{"line":44,"column":2},"end":{"line":46,"column":3}}]},"4":{"type":"branch","line":49,"loc":{"start":{"line":49,"column":13},"end":{"line":63,"column":1}},"locations":[{"start":{"line":49,"column":13},"end":{"line":63,"column":1}}]},"5":{"type":"branch","line":51,"loc":{"start":{"line":51,"column":57},"end":{"line":59,"column":5}},"locations":[{"start":{"line":51,"column":57},"end":{"line":59,"column":5}}]},"6":{"type":"branch","line":54,"loc":{"start":{"line":54,"column":16},"end":{"line":58,"column":7}},"locations":[{"start":{"line":54,"column":16},"end":{"line":58,"column":7}}]},"7":{"type":"branch","line":60,"loc":{"start":{"line":60,"column":2},"end":{"line":62,"column":3}},"locations":[{"start":{"line":60,"column":2},"end":{"line":62,"column":3}}]},"8":{"type":"branch","line":61,"loc":{"start":{"line":61,"column":18},"end":{"line":61,"column":70}},"locations":[{"start":{"line":61,"column":18},"end":{"line":61,"column":70}}]},"9":{"type":"branch","line":3,"loc":{"start":{"line":3,"column":15},"end":{"line":3,"column":28}},"locations":[{"start":{"line":3,"column":15},"end":{"line":3,"column":28}}]},"10":{"type":"branch","line":1,"loc":{"start":{"line":1,"column":0},"end":{"line":1,"column":10}},"locations":[{"start":{"line":1,"column":0},"end":{"line":1,"column":10}}]},"11":{"type":"branch","line":15,"loc":{"start":{"line":15,"column":6},"end":{"line":15,"column":33}},"locations":[{"start":{"line":15,"column":6},"end":{"line":15,"column":33}}]}},"b":{"0":[0],"1":[23],"2":[23],"3":[0],"4":[3],"5":[2],"6":[1],"7":[1],"8":[0],"9":[23],"10":[25],"11":[30]},"fnMap":{"0":{"name":"load","decl":{"start":{"line":41,"column":13},"end":{"line":47,"column":1}},"loc":{"start":{"line":41,"column":13},"end":{"line":47,"column":1}},"line":41},"1":{"name":"scan","decl":{"start":{"line":49,"column":13},"end":{"line":63,"column":1}},"loc":{"start":{"line":49,"column":13},"end":{"line":63,"column":1}},"line":49},"2":{"name":"onUpdate:modelValue._cache.<computed>._cache.<computed>","decl":{"start":{"line":3,"column":15},"end":{"line":3,"column":28}},"loc":{"start":{"line":3,"column":15},"end":{"line":3,"column":28}},"line":3}},"f":{"0":23,"1":3,"2":0}}
}
